mar 05, 2025 6:04:50 PM Utility.LoggerUtility logInfo
INFO: [Model.Profile.ProfileManager.loadProfiles()] 
Caricamento profili dal file: C:\progetti\JBlackJack\src\main\resources\players.json
mar 05, 2025 6:04:50 PM Utility.LoggerUtility logInfo
INFO: [Model.Profile.ProfileManager.loadProfiles()] 
Trovati 14 profili
mar 05, 2025 6:04:58 PM Utility.LoggerUtility logInfo
INFO: [Controller.GameManager.startGame()] 
Gioco avviato per il profilo: Andrew, giocatori: 2, design carte: Images/cardBack_red5.png
mar 05, 2025 6:11:35 PM Utility.LoggerUtility logInfo
INFO: [Model.Profile.ProfileManager.loadProfiles()] 
Caricamento profili dal file: C:\progetti\JBlackJack\src\main\resources\players.json
mar 05, 2025 6:11:35 PM Utility.LoggerUtility logInfo
INFO: [Model.Profile.ProfileManager.loadProfiles()] 
Trovati 14 profili
mar 05, 2025 6:11:39 PM Utility.LoggerUtility logError
SEVERE: [Controller.GameManager.startGame()] 
Errore nell'avvio del gioco: URL must not be null
java.lang.NullPointerException: URL must not be null
	at javafx.graphics@20.0.1/javafx.scene.image.Image.validateUrl(Image.java:1104)
	at javafx.graphics@20.0.1/javafx.scene.image.Image.<init>(Image.java:628)
	at com.example.jblackjack/View.PlayerInfoView.<init>(PlayerView.java:31)
	at com.example.jblackjack/View.BlackJackViewImpl.<init>(BlackJackViewImpl.java:79)
	at com.example.jblackjack/Controller.GameManager.startGame(GameManager.java:79)
	at com.example.jblackjack/Controller.MenuController.onStartGameButtonClick(MenuController.java:186)
	at java.base/jdk.internal.reflect.DirectMethodHandleAccessor.invoke(DirectMethodHandleAccessor.java:103)
	at java.base/java.lang.reflect.Method.invoke(Method.java:580)
	at com.sun.javafx.reflect.Trampoline.invoke(MethodUtil.java:72)
	at java.base/jdk.internal.reflect.DirectMethodHandleAccessor.invoke(DirectMethodHandleAccessor.java:103)
	at java.base/java.lang.reflect.Method.invoke(Method.java:580)
	at javafx.base@20.0.1/com.sun.javafx.reflect.MethodUtil.invoke(MethodUtil.java:270)
	at javafx.fxml@20.0.1/com.sun.javafx.fxml.MethodHelper.invoke(MethodHelper.java:84)
	at javafx.fxml@20.0.1/javafx.fxml.FXMLLoader$MethodHandler.invoke(FXMLLoader.java:1855)
	at javafx.fxml@20.0.1/javafx.fxml.FXMLLoader$ControllerMethodEventHandler.handle(FXMLLoader.java:1726)
	at javafx.base@20.0.1/com.sun.javafx.event.CompositeEventHandler.dispatchBubblingEvent(CompositeEventHandler.java:86)
	at javafx.base@20.0.1/com.sun.javafx.event.EventHandlerManager.dispatchBubblingEvent(EventHandlerManager.java:232)
	at javafx.base@20.0.1/com.sun.javafx.event.EventHandlerManager.dispatchBubblingEvent(EventHandlerManager.java:189)
	at javafx.base@20.0.1/com.sun.javafx.event.CompositeEventDispatcher.dispatchBubblingEvent(CompositeEventDispatcher.java:59)
	at javafx.base@20.0.1/com.sun.javafx.event.BasicEventDispatcher.dispatchEvent(BasicEventDispatcher.java:58)
	at javafx.base@20.0.1/com.sun.javafx.event.EventDispatchChainImpl.dispatchEvent(EventDispatchChainImpl.java:114)
	at javafx.base@20.0.1/com.sun.javafx.event.BasicEventDispatcher.dispatchEvent(BasicEventDispatcher.java:56)
	at javafx.base@20.0.1/com.sun.javafx.event.EventDispatchChainImpl.dispatchEvent(EventDispatchChainImpl.java:114)
	at javafx.base@20.0.1/com.sun.javafx.event.BasicEventDispatcher.dispatchEvent(BasicEventDispatcher.java:56)
	at javafx.base@20.0.1/com.sun.javafx.event.EventDispatchChainImpl.dispatchEvent(EventDispatchChainImpl.java:114)
	at javafx.base@20.0.1/com.sun.javafx.event.EventUtil.fireEventImpl(EventUtil.java:74)
	at javafx.base@20.0.1/com.sun.javafx.event.EventUtil.fireEvent(EventUtil.java:49)
	at javafx.base@20.0.1/javafx.event.Event.fireEvent(Event.java:198)
	at javafx.graphics@20.0.1/javafx.scene.Node.fireEvent(Node.java:8944)
	at javafx.controls@20.0.1/javafx.scene.control.Button.fire(Button.java:203)
	at javafx.controls@20.0.1/com.sun.javafx.scene.control.behavior.ButtonBehavior.mouseReleased(ButtonBehavior.java:207)
	at javafx.controls@20.0.1/com.sun.javafx.scene.control.inputmap.InputMap.handle(InputMap.java:274)
	at javafx.base@20.0.1/com.sun.javafx.event.CompositeEventHandler$NormalEventHandlerRecord.handleBubblingEvent(CompositeEventHandler.java:247)
	at javafx.base@20.0.1/com.sun.javafx.event.CompositeEventHandler.dispatchBubblingEvent(CompositeEventHandler.java:80)
	at javafx.base@20.0.1/com.sun.javafx.event.EventHandlerManager.dispatchBubblingEvent(EventHandlerManager.java:232)
	at javafx.base@20.0.1/com.sun.javafx.event.EventHandlerManager.dispatchBubblingEvent(EventHandlerManager.java:189)
	at javafx.base@20.0.1/com.sun.javafx.event.CompositeEventDispatcher.dispatchBubblingEvent(CompositeEventDispatcher.java:59)
	at javafx.base@20.0.1/com.sun.javafx.event.BasicEventDispatcher.dispatchEvent(BasicEventDispatcher.java:58)
	at javafx.base@20.0.1/com.sun.javafx.event.EventDispatchChainImpl.dispatchEvent(EventDispatchChainImpl.java:114)
	at javafx.base@20.0.1/com.sun.javafx.event.BasicEventDispatcher.dispatchEvent(BasicEventDispatcher.java:56)
	at javafx.base@20.0.1/com.sun.javafx.event.EventDispatchChainImpl.dispatchEvent(EventDispatchChainImpl.java:114)
	at javafx.base@20.0.1/com.sun.javafx.event.BasicEventDispatcher.dispatchEvent(BasicEventDispatcher.java:56)
	at javafx.base@20.0.1/com.sun.javafx.event.EventDispatchChainImpl.dispatchEvent(EventDispatchChainImpl.java:114)
	at javafx.base@20.0.1/com.sun.javafx.event.EventUtil.fireEventImpl(EventUtil.java:74)
	at javafx.base@20.0.1/com.sun.javafx.event.EventUtil.fireEvent(EventUtil.java:54)
	at javafx.base@20.0.1/javafx.event.Event.fireEvent(Event.java:198)
	at javafx.graphics@20.0.1/javafx.scene.Scene$MouseHandler.process(Scene.java:3980)
	at javafx.graphics@20.0.1/javafx.scene.Scene.processMouseEvent(Scene.java:1890)
	at javafx.graphics@20.0.1/javafx.scene.Scene$ScenePeerListener.mouseEvent(Scene.java:2704)
	at javafx.graphics@20.0.1/com.sun.javafx.tk.quantum.GlassViewEventHandler$MouseEventNotification.run(GlassViewEventHandler.java:411)
	at javafx.graphics@20.0.1/com.sun.javafx.tk.quantum.GlassViewEventHandler$MouseEventNotification.run(GlassViewEventHandler.java:301)
	at java.base/java.security.AccessController.doPrivileged(AccessController.java:400)
	at javafx.graphics@20.0.1/com.sun.javafx.tk.quantum.GlassViewEventHandler.lambda$handleMouseEvent$2(GlassViewEventHandler.java:450)
	at javafx.graphics@20.0.1/com.sun.javafx.tk.quantum.QuantumToolkit.runWithoutRenderLock(QuantumToolkit.java:424)
	at javafx.graphics@20.0.1/com.sun.javafx.tk.quantum.GlassViewEventHandler.handleMouseEvent(GlassViewEventHandler.java:449)
	at javafx.graphics@20.0.1/com.sun.glass.ui.View.handleMouseEvent(View.java:551)
	at javafx.graphics@20.0.1/com.sun.glass.ui.View.notifyMouse(View.java:937)
	at javafx.graphics@20.0.1/com.sun.glass.ui.win.WinApplication._runLoop(Native Method)
	at javafx.graphics@20.0.1/com.sun.glass.ui.win.WinApplication.lambda$runLoop$3(WinApplication.java:185)
	at java.base/java.lang.Thread.run(Thread.java:1570)

mar 05, 2025 6:11:59 PM Utility.LoggerUtility logInfo
INFO: [Controller.GameManager.startGame()] 
Gioco avviato per il profilo: Andrew, giocatori: 2, design carte: Images/cardBack_red5.png
mar 05, 2025 6:13:34 PM Utility.LoggerUtility logInfo
INFO: [Model.Profile.ProfileManager.loadProfiles()] 
Caricamento profili dal file: C:\progetti\JBlackJack\src\main\resources\players.json
mar 05, 2025 6:13:34 PM Utility.LoggerUtility logInfo
INFO: [Model.Profile.ProfileManager.loadProfiles()] 
Trovati 14 profili
mar 05, 2025 6:13:41 PM Utility.LoggerUtility logInfo
INFO: [Controller.GameManager.startGame()] 
Gioco avviato per il profilo: Andrew, giocatori: 3, design carte: Images/cardBack_red5.png
mar 05, 2025 6:16:27 PM Utility.LoggerUtility logInfo
INFO: [Model.Profile.ProfileManager.loadProfiles()] 
Caricamento profili dal file: C:\progetti\JBlackJack\src\main\resources\players.json
mar 05, 2025 6:16:27 PM Utility.LoggerUtility logInfo
INFO: [Model.Profile.ProfileManager.loadProfiles()] 
Trovati 14 profili
mar 05, 2025 6:16:44 PM Utility.LoggerUtility logError
SEVERE: [Controller.GameManager.startGame()] 
Errore nell'avvio del gioco: Children: node already used as a clip: parent = VBox@744a1cda, node = Circle[centerX=43.0, centerY=43.0, radius=43.0, fill=0x000000ff]
java.lang.IllegalArgumentException: Children: node already used as a clip: parent = VBox@744a1cda, node = Circle[centerX=43.0, centerY=43.0, radius=43.0, fill=0x000000ff]
	at javafx.graphics@20.0.1/javafx.scene.Parent$3.onProposedChange(Parent.java:548)
	at javafx.base@20.0.1/com.sun.javafx.collections.VetoableListDecorator.addAll(VetoableListDecorator.java:233)
	at javafx.base@20.0.1/com.sun.javafx.collections.VetoableListDecorator.addAll(VetoableListDecorator.java:103)
	at com.example.jblackjack/View.BlackJackViewImpl.<init>(BlackJackViewImpl.java:191)
	at com.example.jblackjack/Controller.GameManager.startGame(GameManager.java:79)
	at com.example.jblackjack/Controller.MenuController.onStartGameButtonClick(MenuController.java:186)
	at java.base/jdk.internal.reflect.DirectMethodHandleAccessor.invoke(DirectMethodHandleAccessor.java:103)
	at java.base/java.lang.reflect.Method.invoke(Method.java:580)
	at com.sun.javafx.reflect.Trampoline.invoke(MethodUtil.java:72)
	at java.base/jdk.internal.reflect.DirectMethodHandleAccessor.invoke(DirectMethodHandleAccessor.java:103)
	at java.base/java.lang.reflect.Method.invoke(Method.java:580)
	at javafx.base@20.0.1/com.sun.javafx.reflect.MethodUtil.invoke(MethodUtil.java:270)
	at javafx.fxml@20.0.1/com.sun.javafx.fxml.MethodHelper.invoke(MethodHelper.java:84)
	at javafx.fxml@20.0.1/javafx.fxml.FXMLLoader$MethodHandler.invoke(FXMLLoader.java:1855)
	at javafx.fxml@20.0.1/javafx.fxml.FXMLLoader$ControllerMethodEventHandler.handle(FXMLLoader.java:1726)
	at javafx.base@20.0.1/com.sun.javafx.event.CompositeEventHandler.dispatchBubblingEvent(CompositeEventHandler.java:86)
	at javafx.base@20.0.1/com.sun.javafx.event.EventHandlerManager.dispatchBubblingEvent(EventHandlerManager.java:232)
	at javafx.base@20.0.1/com.sun.javafx.event.EventHandlerManager.dispatchBubblingEvent(EventHandlerManager.java:189)
	at javafx.base@20.0.1/com.sun.javafx.event.CompositeEventDispatcher.dispatchBubblingEvent(CompositeEventDispatcher.java:59)
	at javafx.base@20.0.1/com.sun.javafx.event.BasicEventDispatcher.dispatchEvent(BasicEventDispatcher.java:58)
	at javafx.base@20.0.1/com.sun.javafx.event.EventDispatchChainImpl.dispatchEvent(EventDispatchChainImpl.java:114)
	at javafx.base@20.0.1/com.sun.javafx.event.BasicEventDispatcher.dispatchEvent(BasicEventDispatcher.java:56)
	at javafx.base@20.0.1/com.sun.javafx.event.EventDispatchChainImpl.dispatchEvent(EventDispatchChainImpl.java:114)
	at javafx.base@20.0.1/com.sun.javafx.event.BasicEventDispatcher.dispatchEvent(BasicEventDispatcher.java:56)
	at javafx.base@20.0.1/com.sun.javafx.event.EventDispatchChainImpl.dispatchEvent(EventDispatchChainImpl.java:114)
	at javafx.base@20.0.1/com.sun.javafx.event.EventUtil.fireEventImpl(EventUtil.java:74)
	at javafx.base@20.0.1/com.sun.javafx.event.EventUtil.fireEvent(EventUtil.java:49)
	at javafx.base@20.0.1/javafx.event.Event.fireEvent(Event.java:198)
	at javafx.graphics@20.0.1/javafx.scene.Node.fireEvent(Node.java:8944)
	at javafx.controls@20.0.1/javafx.scene.control.Button.fire(Button.java:203)
	at javafx.controls@20.0.1/com.sun.javafx.scene.control.behavior.ButtonBehavior.mouseReleased(ButtonBehavior.java:207)
	at javafx.controls@20.0.1/com.sun.javafx.scene.control.inputmap.InputMap.handle(InputMap.java:274)
	at javafx.base@20.0.1/com.sun.javafx.event.CompositeEventHandler$NormalEventHandlerRecord.handleBubblingEvent(CompositeEventHandler.java:247)
	at javafx.base@20.0.1/com.sun.javafx.event.CompositeEventHandler.dispatchBubblingEvent(CompositeEventHandler.java:80)
	at javafx.base@20.0.1/com.sun.javafx.event.EventHandlerManager.dispatchBubblingEvent(EventHandlerManager.java:232)
	at javafx.base@20.0.1/com.sun.javafx.event.EventHandlerManager.dispatchBubblingEvent(EventHandlerManager.java:189)
	at javafx.base@20.0.1/com.sun.javafx.event.CompositeEventDispatcher.dispatchBubblingEvent(CompositeEventDispatcher.java:59)
	at javafx.base@20.0.1/com.sun.javafx.event.BasicEventDispatcher.dispatchEvent(BasicEventDispatcher.java:58)
	at javafx.base@20.0.1/com.sun.javafx.event.EventDispatchChainImpl.dispatchEvent(EventDispatchChainImpl.java:114)
	at javafx.base@20.0.1/com.sun.javafx.event.BasicEventDispatcher.dispatchEvent(BasicEventDispatcher.java:56)
	at javafx.base@20.0.1/com.sun.javafx.event.EventDispatchChainImpl.dispatchEvent(EventDispatchChainImpl.java:114)
	at javafx.base@20.0.1/com.sun.javafx.event.BasicEventDispatcher.dispatchEvent(BasicEventDispatcher.java:56)
	at javafx.base@20.0.1/com.sun.javafx.event.EventDispatchChainImpl.dispatchEvent(EventDispatchChainImpl.java:114)
	at javafx.base@20.0.1/com.sun.javafx.event.EventUtil.fireEventImpl(EventUtil.java:74)
	at javafx.base@20.0.1/com.sun.javafx.event.EventUtil.fireEvent(EventUtil.java:54)
	at javafx.base@20.0.1/javafx.event.Event.fireEvent(Event.java:198)
	at javafx.graphics@20.0.1/javafx.scene.Scene$MouseHandler.process(Scene.java:3980)
	at javafx.graphics@20.0.1/javafx.scene.Scene.processMouseEvent(Scene.java:1890)
	at javafx.graphics@20.0.1/javafx.scene.Scene$ScenePeerListener.mouseEvent(Scene.java:2704)
	at javafx.graphics@20.0.1/com.sun.javafx.tk.quantum.GlassViewEventHandler$MouseEventNotification.run(GlassViewEventHandler.java:411)
	at javafx.graphics@20.0.1/com.sun.javafx.tk.quantum.GlassViewEventHandler$MouseEventNotification.run(GlassViewEventHandler.java:301)
	at java.base/java.security.AccessController.doPrivileged(AccessController.java:400)
	at javafx.graphics@20.0.1/com.sun.javafx.tk.quantum.GlassViewEventHandler.lambda$handleMouseEvent$2(GlassViewEventHandler.java:450)
	at javafx.graphics@20.0.1/com.sun.javafx.tk.quantum.QuantumToolkit.runWithoutRenderLock(QuantumToolkit.java:424)
	at javafx.graphics@20.0.1/com.sun.javafx.tk.quantum.GlassViewEventHandler.handleMouseEvent(GlassViewEventHandler.java:449)
	at javafx.graphics@20.0.1/com.sun.glass.ui.View.handleMouseEvent(View.java:551)
	at javafx.graphics@20.0.1/com.sun.glass.ui.View.notifyMouse(View.java:937)
	at javafx.graphics@20.0.1/com.sun.glass.ui.win.WinApplication._runLoop(Native Method)
	at javafx.graphics@20.0.1/com.sun.glass.ui.win.WinApplication.lambda$runLoop$3(WinApplication.java:185)
	at java.base/java.lang.Thread.run(Thread.java:1570)

mar 05, 2025 6:16:57 PM Utility.LoggerUtility logError
SEVERE: [Controller.GameManager.startGame()] 
Errore nell'avvio del gioco: Children: node already used as a clip: parent = VBox@642c5f83, node = Circle[centerX=43.0, centerY=43.0, radius=43.0, fill=0x000000ff]
java.lang.IllegalArgumentException: Children: node already used as a clip: parent = VBox@642c5f83, node = Circle[centerX=43.0, centerY=43.0, radius=43.0, fill=0x000000ff]
	at javafx.graphics@20.0.1/javafx.scene.Parent$3.onProposedChange(Parent.java:548)
	at javafx.base@20.0.1/com.sun.javafx.collections.VetoableListDecorator.addAll(VetoableListDecorator.java:233)
	at javafx.base@20.0.1/com.sun.javafx.collections.VetoableListDecorator.addAll(VetoableListDecorator.java:103)
	at com.example.jblackjack/View.BlackJackViewImpl.<init>(BlackJackViewImpl.java:191)
	at com.example.jblackjack/Controller.GameManager.startGame(GameManager.java:79)
	at com.example.jblackjack/Controller.MenuController.onStartGameButtonClick(MenuController.java:186)
	at java.base/jdk.internal.reflect.DirectMethodHandleAccessor.invoke(DirectMethodHandleAccessor.java:103)
	at java.base/java.lang.reflect.Method.invoke(Method.java:580)
	at com.sun.javafx.reflect.Trampoline.invoke(MethodUtil.java:72)
	at java.base/jdk.internal.reflect.DirectMethodHandleAccessor.invoke(DirectMethodHandleAccessor.java:103)
	at java.base/java.lang.reflect.Method.invoke(Method.java:580)
	at javafx.base@20.0.1/com.sun.javafx.reflect.MethodUtil.invoke(MethodUtil.java:270)
	at javafx.fxml@20.0.1/com.sun.javafx.fxml.MethodHelper.invoke(MethodHelper.java:84)
	at javafx.fxml@20.0.1/javafx.fxml.FXMLLoader$MethodHandler.invoke(FXMLLoader.java:1855)
	at javafx.fxml@20.0.1/javafx.fxml.FXMLLoader$ControllerMethodEventHandler.handle(FXMLLoader.java:1726)
	at javafx.base@20.0.1/com.sun.javafx.event.CompositeEventHandler.dispatchBubblingEvent(CompositeEventHandler.java:86)
	at javafx.base@20.0.1/com.sun.javafx.event.EventHandlerManager.dispatchBubblingEvent(EventHandlerManager.java:232)
	at javafx.base@20.0.1/com.sun.javafx.event.EventHandlerManager.dispatchBubblingEvent(EventHandlerManager.java:189)
	at javafx.base@20.0.1/com.sun.javafx.event.CompositeEventDispatcher.dispatchBubblingEvent(CompositeEventDispatcher.java:59)
	at javafx.base@20.0.1/com.sun.javafx.event.BasicEventDispatcher.dispatchEvent(BasicEventDispatcher.java:58)
	at javafx.base@20.0.1/com.sun.javafx.event.EventDispatchChainImpl.dispatchEvent(EventDispatchChainImpl.java:114)
	at javafx.base@20.0.1/com.sun.javafx.event.BasicEventDispatcher.dispatchEvent(BasicEventDispatcher.java:56)
	at javafx.base@20.0.1/com.sun.javafx.event.EventDispatchChainImpl.dispatchEvent(EventDispatchChainImpl.java:114)
	at javafx.base@20.0.1/com.sun.javafx.event.BasicEventDispatcher.dispatchEvent(BasicEventDispatcher.java:56)
	at javafx.base@20.0.1/com.sun.javafx.event.EventDispatchChainImpl.dispatchEvent(EventDispatchChainImpl.java:114)
	at javafx.base@20.0.1/com.sun.javafx.event.EventUtil.fireEventImpl(EventUtil.java:74)
	at javafx.base@20.0.1/com.sun.javafx.event.EventUtil.fireEvent(EventUtil.java:49)
	at javafx.base@20.0.1/javafx.event.Event.fireEvent(Event.java:198)
	at javafx.graphics@20.0.1/javafx.scene.Node.fireEvent(Node.java:8944)
	at javafx.controls@20.0.1/javafx.scene.control.Button.fire(Button.java:203)
	at javafx.controls@20.0.1/com.sun.javafx.scene.control.behavior.ButtonBehavior.mouseReleased(ButtonBehavior.java:207)
	at javafx.controls@20.0.1/com.sun.javafx.scene.control.inputmap.InputMap.handle(InputMap.java:274)
	at javafx.base@20.0.1/com.sun.javafx.event.CompositeEventHandler$NormalEventHandlerRecord.handleBubblingEvent(CompositeEventHandler.java:247)
	at javafx.base@20.0.1/com.sun.javafx.event.CompositeEventHandler.dispatchBubblingEvent(CompositeEventHandler.java:80)
	at javafx.base@20.0.1/com.sun.javafx.event.EventHandlerManager.dispatchBubblingEvent(EventHandlerManager.java:232)
	at javafx.base@20.0.1/com.sun.javafx.event.EventHandlerManager.dispatchBubblingEvent(EventHandlerManager.java:189)
	at javafx.base@20.0.1/com.sun.javafx.event.CompositeEventDispatcher.dispatchBubblingEvent(CompositeEventDispatcher.java:59)
	at javafx.base@20.0.1/com.sun.javafx.event.BasicEventDispatcher.dispatchEvent(BasicEventDispatcher.java:58)
	at javafx.base@20.0.1/com.sun.javafx.event.EventDispatchChainImpl.dispatchEvent(EventDispatchChainImpl.java:114)
	at javafx.base@20.0.1/com.sun.javafx.event.BasicEventDispatcher.dispatchEvent(BasicEventDispatcher.java:56)
	at javafx.base@20.0.1/com.sun.javafx.event.EventDispatchChainImpl.dispatchEvent(EventDispatchChainImpl.java:114)
	at javafx.base@20.0.1/com.sun.javafx.event.BasicEventDispatcher.dispatchEvent(BasicEventDispatcher.java:56)
	at javafx.base@20.0.1/com.sun.javafx.event.EventDispatchChainImpl.dispatchEvent(EventDispatchChainImpl.java:114)
	at javafx.base@20.0.1/com.sun.javafx.event.EventUtil.fireEventImpl(EventUtil.java:74)
	at javafx.base@20.0.1/com.sun.javafx.event.EventUtil.fireEvent(EventUtil.java:54)
	at javafx.base@20.0.1/javafx.event.Event.fireEvent(Event.java:198)
	at javafx.graphics@20.0.1/javafx.scene.Scene$MouseHandler.process(Scene.java:3980)
	at javafx.graphics@20.0.1/javafx.scene.Scene.processMouseEvent(Scene.java:1890)
	at javafx.graphics@20.0.1/javafx.scene.Scene$ScenePeerListener.mouseEvent(Scene.java:2704)
	at javafx.graphics@20.0.1/com.sun.javafx.tk.quantum.GlassViewEventHandler$MouseEventNotification.run(GlassViewEventHandler.java:411)
	at javafx.graphics@20.0.1/com.sun.javafx.tk.quantum.GlassViewEventHandler$MouseEventNotification.run(GlassViewEventHandler.java:301)
	at java.base/java.security.AccessController.doPrivileged(AccessController.java:400)
	at javafx.graphics@20.0.1/com.sun.javafx.tk.quantum.GlassViewEventHandler.lambda$handleMouseEvent$2(GlassViewEventHandler.java:450)
	at javafx.graphics@20.0.1/com.sun.javafx.tk.quantum.QuantumToolkit.runWithoutRenderLock(QuantumToolkit.java:424)
	at javafx.graphics@20.0.1/com.sun.javafx.tk.quantum.GlassViewEventHandler.handleMouseEvent(GlassViewEventHandler.java:449)
	at javafx.graphics@20.0.1/com.sun.glass.ui.View.handleMouseEvent(View.java:551)
	at javafx.graphics@20.0.1/com.sun.glass.ui.View.notifyMouse(View.java:937)
	at javafx.graphics@20.0.1/com.sun.glass.ui.win.WinApplication._runLoop(Native Method)
	at javafx.graphics@20.0.1/com.sun.glass.ui.win.WinApplication.lambda$runLoop$3(WinApplication.java:185)
	at java.base/java.lang.Thread.run(Thread.java:1570)

mar 05, 2025 6:19:52 PM Utility.LoggerUtility logError
SEVERE: [Controller.GameManager.startGame()] 
Errore nell'avvio del gioco: Children: node already used as a clip: parent = VBox@5bfc3fc6, node = Circle[centerX=43.0, centerY=43.0, radius=43.0, fill=0x000000ff]
java.lang.IllegalArgumentException: Children: node already used as a clip: parent = VBox@5bfc3fc6, node = Circle[centerX=43.0, centerY=43.0, radius=43.0, fill=0x000000ff]
	at javafx.graphics@20.0.1/javafx.scene.Parent$3.onProposedChange(Parent.java:548)
	at javafx.base@20.0.1/com.sun.javafx.collections.VetoableListDecorator.addAll(VetoableListDecorator.java:233)
	at javafx.base@20.0.1/com.sun.javafx.collections.VetoableListDecorator.addAll(VetoableListDecorator.java:103)
	at com.example.jblackjack/View.BlackJackViewImpl.<init>(BlackJackViewImpl.java:191)
	at com.example.jblackjack/Controller.GameManager.startGame(GameManager.java:79)
	at com.example.jblackjack/Controller.MenuController.onStartGameButtonClick(MenuController.java:186)
	at java.base/jdk.internal.reflect.DirectMethodHandleAccessor.invoke(DirectMethodHandleAccessor.java:103)
	at java.base/java.lang.reflect.Method.invoke(Method.java:580)
	at com.sun.javafx.reflect.Trampoline.invoke(MethodUtil.java:72)
	at java.base/jdk.internal.reflect.DirectMethodHandleAccessor.invoke(DirectMethodHandleAccessor.java:103)
	at java.base/java.lang.reflect.Method.invoke(Method.java:580)
	at javafx.base@20.0.1/com.sun.javafx.reflect.MethodUtil.invoke(MethodUtil.java:270)
	at javafx.fxml@20.0.1/com.sun.javafx.fxml.MethodHelper.invoke(MethodHelper.java:84)
	at javafx.fxml@20.0.1/javafx.fxml.FXMLLoader$MethodHandler.invoke(FXMLLoader.java:1855)
	at javafx.fxml@20.0.1/javafx.fxml.FXMLLoader$ControllerMethodEventHandler.handle(FXMLLoader.java:1726)
	at javafx.base@20.0.1/com.sun.javafx.event.CompositeEventHandler.dispatchBubblingEvent(CompositeEventHandler.java:86)
	at javafx.base@20.0.1/com.sun.javafx.event.EventHandlerManager.dispatchBubblingEvent(EventHandlerManager.java:232)
	at javafx.base@20.0.1/com.sun.javafx.event.EventHandlerManager.dispatchBubblingEvent(EventHandlerManager.java:189)
	at javafx.base@20.0.1/com.sun.javafx.event.CompositeEventDispatcher.dispatchBubblingEvent(CompositeEventDispatcher.java:59)
	at javafx.base@20.0.1/com.sun.javafx.event.BasicEventDispatcher.dispatchEvent(BasicEventDispatcher.java:58)
	at javafx.base@20.0.1/com.sun.javafx.event.EventDispatchChainImpl.dispatchEvent(EventDispatchChainImpl.java:114)
	at javafx.base@20.0.1/com.sun.javafx.event.BasicEventDispatcher.dispatchEvent(BasicEventDispatcher.java:56)
	at javafx.base@20.0.1/com.sun.javafx.event.EventDispatchChainImpl.dispatchEvent(EventDispatchChainImpl.java:114)
	at javafx.base@20.0.1/com.sun.javafx.event.BasicEventDispatcher.dispatchEvent(BasicEventDispatcher.java:56)
	at javafx.base@20.0.1/com.sun.javafx.event.EventDispatchChainImpl.dispatchEvent(EventDispatchChainImpl.java:114)
	at javafx.base@20.0.1/com.sun.javafx.event.EventUtil.fireEventImpl(EventUtil.java:74)
	at javafx.base@20.0.1/com.sun.javafx.event.EventUtil.fireEvent(EventUtil.java:49)
	at javafx.base@20.0.1/javafx.event.Event.fireEvent(Event.java:198)
	at javafx.graphics@20.0.1/javafx.scene.Node.fireEvent(Node.java:8944)
	at javafx.controls@20.0.1/javafx.scene.control.Button.fire(Button.java:203)
	at javafx.controls@20.0.1/com.sun.javafx.scene.control.behavior.ButtonBehavior.mouseReleased(ButtonBehavior.java:207)
	at javafx.controls@20.0.1/com.sun.javafx.scene.control.inputmap.InputMap.handle(InputMap.java:274)
	at javafx.base@20.0.1/com.sun.javafx.event.CompositeEventHandler$NormalEventHandlerRecord.handleBubblingEvent(CompositeEventHandler.java:247)
	at javafx.base@20.0.1/com.sun.javafx.event.CompositeEventHandler.dispatchBubblingEvent(CompositeEventHandler.java:80)
	at javafx.base@20.0.1/com.sun.javafx.event.EventHandlerManager.dispatchBubblingEvent(EventHandlerManager.java:232)
	at javafx.base@20.0.1/com.sun.javafx.event.EventHandlerManager.dispatchBubblingEvent(EventHandlerManager.java:189)
	at javafx.base@20.0.1/com.sun.javafx.event.CompositeEventDispatcher.dispatchBubblingEvent(CompositeEventDispatcher.java:59)
	at javafx.base@20.0.1/com.sun.javafx.event.BasicEventDispatcher.dispatchEvent(BasicEventDispatcher.java:58)
	at javafx.base@20.0.1/com.sun.javafx.event.EventDispatchChainImpl.dispatchEvent(EventDispatchChainImpl.java:114)
	at javafx.base@20.0.1/com.sun.javafx.event.BasicEventDispatcher.dispatchEvent(BasicEventDispatcher.java:56)
	at javafx.base@20.0.1/com.sun.javafx.event.EventDispatchChainImpl.dispatchEvent(EventDispatchChainImpl.java:114)
	at javafx.base@20.0.1/com.sun.javafx.event.BasicEventDispatcher.dispatchEvent(BasicEventDispatcher.java:56)
	at javafx.base@20.0.1/com.sun.javafx.event.EventDispatchChainImpl.dispatchEvent(EventDispatchChainImpl.java:114)
	at javafx.base@20.0.1/com.sun.javafx.event.EventUtil.fireEventImpl(EventUtil.java:74)
	at javafx.base@20.0.1/com.sun.javafx.event.EventUtil.fireEvent(EventUtil.java:54)
	at javafx.base@20.0.1/javafx.event.Event.fireEvent(Event.java:198)
	at javafx.graphics@20.0.1/javafx.scene.Scene$MouseHandler.process(Scene.java:3980)
	at javafx.graphics@20.0.1/javafx.scene.Scene.processMouseEvent(Scene.java:1890)
	at javafx.graphics@20.0.1/javafx.scene.Scene$ScenePeerListener.mouseEvent(Scene.java:2704)
	at javafx.graphics@20.0.1/com.sun.javafx.tk.quantum.GlassViewEventHandler$MouseEventNotification.run(GlassViewEventHandler.java:411)
	at javafx.graphics@20.0.1/com.sun.javafx.tk.quantum.GlassViewEventHandler$MouseEventNotification.run(GlassViewEventHandler.java:301)
	at java.base/java.security.AccessController.doPrivileged(AccessController.java:400)
	at javafx.graphics@20.0.1/com.sun.javafx.tk.quantum.GlassViewEventHandler.lambda$handleMouseEvent$2(GlassViewEventHandler.java:450)
	at javafx.graphics@20.0.1/com.sun.javafx.tk.quantum.QuantumToolkit.runWithoutRenderLock(QuantumToolkit.java:424)
	at javafx.graphics@20.0.1/com.sun.javafx.tk.quantum.GlassViewEventHandler.handleMouseEvent(GlassViewEventHandler.java:449)
	at javafx.graphics@20.0.1/com.sun.glass.ui.View.handleMouseEvent(View.java:551)
	at javafx.graphics@20.0.1/com.sun.glass.ui.View.notifyMouse(View.java:937)
	at javafx.graphics@20.0.1/com.sun.glass.ui.win.WinApplication._runLoop(Native Method)
	at javafx.graphics@20.0.1/com.sun.glass.ui.win.WinApplication.lambda$runLoop$3(WinApplication.java:185)
	at java.base/java.lang.Thread.run(Thread.java:1570)

mar 05, 2025 6:21:17 PM Utility.LoggerUtility logInfo
INFO: [Model.Profile.ProfileManager.loadProfiles()] 
Caricamento profili dal file: C:\progetti\JBlackJack\src\main\resources\players.json
mar 05, 2025 6:21:17 PM Utility.LoggerUtility logInfo
INFO: [Model.Profile.ProfileManager.loadProfiles()] 
Trovati 14 profili
mar 05, 2025 6:21:30 PM Utility.LoggerUtility logInfo
INFO: [Controller.GameManager.startGame()] 
Gioco avviato per il profilo: Andrew, giocatori: 2, design carte: Images/cardBack_red5.png
mar 05, 2025 6:22:24 PM Utility.LoggerUtility logInfo
INFO: [Model.Profile.ProfileManager.loadProfiles()] 
Caricamento profili dal file: C:\progetti\JBlackJack\src\main\resources\players.json
mar 05, 2025 6:22:24 PM Utility.LoggerUtility logInfo
INFO: [Model.Profile.ProfileManager.loadProfiles()] 
Trovati 14 profili
mar 05, 2025 6:22:31 PM Utility.LoggerUtility logInfo
INFO: [Controller.GameManager.startGame()] 
Gioco avviato per il profilo: Andrew, giocatori: 3, design carte: Images/cardBack_red5.png
mar 05, 2025 6:23:14 PM Utility.LoggerUtility logInfo
INFO: [Model.Profile.ProfileManager.loadProfiles()] 
Caricamento profili dal file: C:\progetti\JBlackJack\src\main\resources\players.json
mar 05, 2025 6:23:14 PM Utility.LoggerUtility logInfo
INFO: [Model.Profile.ProfileManager.loadProfiles()] 
Trovati 14 profili
mar 05, 2025 6:23:21 PM Utility.LoggerUtility logInfo
INFO: [Controller.GameManager.startGame()] 
Gioco avviato per il profilo: Andrew, giocatori: 2, design carte: Images/cardBack_red5.png
mar 05, 2025 6:24:21 PM Utility.LoggerUtility logInfo
INFO: [Model.Profile.ProfileManager.loadProfiles()] 
Caricamento profili dal file: C:\progetti\JBlackJack\src\main\resources\players.json
mar 05, 2025 6:24:21 PM Utility.LoggerUtility logInfo
INFO: [Model.Profile.ProfileManager.loadProfiles()] 
Trovati 14 profili
mar 05, 2025 6:24:37 PM Utility.LoggerUtility logInfo
INFO: [Controller.GameManager.startGame()] 
Gioco avviato per il profilo: Andrew, giocatori: 2, design carte: Images/cardBack_red5.png
mar 05, 2025 6:25:40 PM Utility.LoggerUtility logInfo
INFO: [Model.Profile.ProfileManager.loadProfiles()] 
Caricamento profili dal file: C:\progetti\JBlackJack\src\main\resources\players.json
mar 05, 2025 6:25:40 PM Utility.LoggerUtility logInfo
INFO: [Model.Profile.ProfileManager.loadProfiles()] 
Trovati 14 profili
mar 05, 2025 6:25:48 PM Utility.LoggerUtility logInfo
INFO: [Controller.GameManager.startGame()] 
Gioco avviato per il profilo: Andrew, giocatori: 2, design carte: Images/cardBack_blue5.png
mar 05, 2025 6:26:23 PM Utility.LoggerUtility logInfo
INFO: [Model.Profile.ProfileManager.loadProfiles()] 
Caricamento profili dal file: C:\progetti\JBlackJack\src\main\resources\players.json
mar 05, 2025 6:26:23 PM Utility.LoggerUtility logInfo
INFO: [Model.Profile.ProfileManager.loadProfiles()] 
Trovati 14 profili
mar 05, 2025 6:26:31 PM Utility.LoggerUtility logInfo
INFO: [Controller.GameManager.startGame()] 
Gioco avviato per il profilo: Andrew, giocatori: 2, design carte: Images/cardBack_green5.png
mar 05, 2025 6:28:11 PM Utility.LoggerUtility logInfo
INFO: [Model.Profile.ProfileManager.loadProfiles()] 
Caricamento profili dal file: C:\progetti\JBlackJack\src\main\resources\players.json
mar 05, 2025 6:28:11 PM Utility.LoggerUtility logInfo
INFO: [Model.Profile.ProfileManager.loadProfiles()] 
Trovati 14 profili
mar 05, 2025 6:28:18 PM Utility.LoggerUtility logInfo
INFO: [Controller.GameManager.startGame()] 
Gioco avviato per il profilo: Andrew, giocatori: 2, design carte: Images/cardBack_red5.png
mar 06, 2025 9:52:02 AM Utility.LoggerUtility logInfo
INFO: [Model.Profile.ProfileManager.loadProfiles()] 
Caricamento profili dal file: C:\progetti\JBlackJack\src\main\resources\players.json
mar 06, 2025 9:52:02 AM Utility.LoggerUtility logInfo
INFO: [Model.Profile.ProfileManager.loadProfiles()] 
Trovati 14 profili
mar 06, 2025 9:52:10 AM Utility.LoggerUtility logInfo
INFO: [Controller.GameManager.startGame()] 
Gioco avviato per il profilo: Andrew, giocatori: 2, design carte: Images/cardBack_red5.png
mar 06, 2025 11:49:48 AM Utility.LoggerUtility logInfo
INFO: [Model.Profile.ProfileManager.loadProfiles()] 
Caricamento profili dal file: C:\progetti\JBlackJack\src\main\resources\players.json
mar 06, 2025 11:49:48 AM Utility.LoggerUtility logInfo
INFO: [Model.Profile.ProfileManager.loadProfiles()] 
Trovati 14 profili
mar 06, 2025 11:49:55 AM Utility.LoggerUtility logInfo
INFO: [Controller.GameManager.startGame()] 
Gioco avviato per il profilo: Andrew, giocatori: 2, design carte: Images/cardBack_red5.png
mar 10, 2025 10:32:54 AM Utility.LoggerUtility logInfo
INFO: [Model.Profile.ProfileManager.loadProfiles()] 
Caricamento profili dal file: C:\progetti\JBlackJack\src\main\resources\players.json
mar 10, 2025 10:32:54 AM Utility.LoggerUtility logInfo
INFO: [Model.Profile.ProfileManager.loadProfiles()] 
Trovati 14 profili
mar 10, 2025 10:33:03 AM Utility.LoggerUtility logInfo
INFO: [Controller.GameManager.startGame()] 
Gioco avviato per il profilo: Andrew, giocatori: 3, design carte: Images/cardBack_red5.png
mar 10, 2025 10:41:50 AM Utility.LoggerUtility logInfo
INFO: [Model.Profile.ProfileManager.loadProfiles()] 
Caricamento profili dal file: C:\progetti\JBlackJack\src\main\resources\players.json
mar 10, 2025 10:41:50 AM Utility.LoggerUtility logInfo
INFO: [Model.Profile.ProfileManager.loadProfiles()] 
Trovati 14 profili
mar 10, 2025 11:16:30 AM Utility.LoggerUtility logInfo
INFO: [Model.Profile.ProfileManager.loadProfiles()] 
Caricamento profili dal file: C:\progetti\JBlackJack\src\main\resources\players.json
mar 10, 2025 11:16:30 AM Utility.LoggerUtility logInfo
INFO: [Model.Profile.ProfileManager.loadProfiles()] 
Trovati 14 profili
mar 10, 2025 11:16:42 AM Utility.LoggerUtility logInfo
INFO: [Controller.GameManager.startGame()] 
Gioco avviato per il profilo: Andrew, giocatori: 2, design carte: Images/cardBack_green5.png
mar 10, 2025 11:30:03 AM Utility.LoggerUtility logInfo
INFO: [Model.Profile.ProfileManager.loadProfiles()] 
Caricamento profili dal file: C:\progetti\JBlackJack\src\main\resources\players.json
mar 10, 2025 11:30:03 AM Utility.LoggerUtility logInfo
INFO: [Model.Profile.ProfileManager.loadProfiles()] 
Trovati 14 profili
mar 10, 2025 11:30:11 AM Utility.LoggerUtility logInfo
INFO: [Controller.GameManager.startGame()] 
Gioco avviato per il profilo: Andrew, giocatori: 2, design carte: Images/cardBack_green5.png
mar 10, 2025 11:35:17 AM Utility.LoggerUtility logInfo
INFO: [Model.Profile.ProfileManager.loadProfiles()] 
Caricamento profili dal file: C:\progetti\JBlackJack\src\main\resources\players.json
mar 10, 2025 11:35:17 AM Utility.LoggerUtility logInfo
INFO: [Model.Profile.ProfileManager.loadProfiles()] 
Trovati 14 profili
mar 10, 2025 11:35:23 AM Utility.LoggerUtility logInfo
INFO: [Controller.GameManager.startGame()] 
Gioco avviato per il profilo: Andrew, giocatori: 2, design carte: Images/cardBack_green5.png
mar 10, 2025 11:36:21 AM Utility.LoggerUtility logInfo
INFO: [Model.Profile.ProfileManager.loadProfiles()] 
Caricamento profili dal file: C:\progetti\JBlackJack\src\main\resources\players.json
mar 10, 2025 11:36:21 AM Utility.LoggerUtility logInfo
INFO: [Model.Profile.ProfileManager.loadProfiles()] 
Trovati 14 profili
mar 10, 2025 11:36:27 AM Utility.LoggerUtility logInfo
INFO: [Controller.GameManager.startGame()] 
Gioco avviato per il profilo: Andrew, giocatori: 2, design carte: Images/cardBack_green5.png
mar 10, 2025 11:39:03 AM Utility.LoggerUtility logInfo
INFO: [Model.Profile.ProfileManager.loadProfiles()] 
Caricamento profili dal file: C:\progetti\JBlackJack\src\main\resources\players.json
mar 10, 2025 11:39:03 AM Utility.LoggerUtility logInfo
INFO: [Model.Profile.ProfileManager.loadProfiles()] 
Trovati 14 profili
mar 10, 2025 11:39:11 AM Utility.LoggerUtility logInfo
INFO: [Controller.GameManager.startGame()] 
Gioco avviato per il profilo: Andrew, giocatori: 2, design carte: Images/cardBack_red5.png
mar 10, 2025 11:40:10 AM Utility.LoggerUtility logInfo
INFO: [Model.Profile.ProfileManager.loadProfiles()] 
Caricamento profili dal file: C:\progetti\JBlackJack\src\main\resources\players.json
mar 10, 2025 11:40:10 AM Utility.LoggerUtility logInfo
INFO: [Model.Profile.ProfileManager.loadProfiles()] 
Trovati 14 profili
mar 10, 2025 11:40:17 AM Utility.LoggerUtility logInfo
INFO: [Controller.GameManager.startGame()] 
Gioco avviato per il profilo: Andrew, giocatori: 2, design carte: Images/cardBack_red5.png
mar 10, 2025 11:40:49 AM Utility.LoggerUtility logInfo
INFO: [Model.Profile.ProfileManager.loadProfiles()] 
Caricamento profili dal file: C:\progetti\JBlackJack\src\main\resources\players.json
mar 10, 2025 11:40:49 AM Utility.LoggerUtility logInfo
INFO: [Model.Profile.ProfileManager.loadProfiles()] 
Trovati 14 profili
mar 10, 2025 11:40:56 AM Utility.LoggerUtility logInfo
INFO: [Controller.GameManager.startGame()] 
Gioco avviato per il profilo: Andrew, giocatori: 2, design carte: Images/cardBack_red5.png
mar 10, 2025 11:41:08 AM Utility.LoggerUtility logInfo
INFO: [Model.Profile.ProfileManager.loadProfiles()] 
Caricamento profili dal file: C:\progetti\JBlackJack\src\main\resources\players.json
mar 10, 2025 11:41:08 AM Utility.LoggerUtility logInfo
INFO: [Model.Profile.ProfileManager.loadProfiles()] 
Trovati 14 profili
mar 10, 2025 11:41:16 AM Utility.LoggerUtility logInfo
INFO: [Controller.GameManager.startGame()] 
Gioco avviato per il profilo: Andrew, giocatori: 2, design carte: Images/cardBack_red5.png
mar 10, 2025 11:41:28 AM Utility.LoggerUtility logInfo
INFO: [Model.Profile.ProfileManager.loadProfiles()] 
Caricamento profili dal file: C:\progetti\JBlackJack\src\main\resources\players.json
mar 10, 2025 11:41:28 AM Utility.LoggerUtility logInfo
INFO: [Model.Profile.ProfileManager.loadProfiles()] 
Trovati 14 profili
mar 10, 2025 11:41:37 AM Utility.LoggerUtility logInfo
INFO: [Controller.GameManager.startGame()] 
Gioco avviato per il profilo: Andrew, giocatori: 2, design carte: Images/cardBack_red5.png
mar 10, 2025 11:42:12 AM Utility.LoggerUtility logInfo
INFO: [Model.Profile.ProfileManager.loadProfiles()] 
Caricamento profili dal file: C:\progetti\JBlackJack\src\main\resources\players.json
mar 10, 2025 11:42:12 AM Utility.LoggerUtility logInfo
INFO: [Model.Profile.ProfileManager.loadProfiles()] 
Trovati 14 profili
mar 10, 2025 11:42:18 AM Utility.LoggerUtility logInfo
INFO: [Controller.GameManager.startGame()] 
Gioco avviato per il profilo: Andrew, giocatori: 2, design carte: Images/cardBack_red5.png
mar 10, 2025 11:42:40 AM Utility.LoggerUtility logInfo
INFO: [Model.Profile.ProfileManager.loadProfiles()] 
Caricamento profili dal file: C:\progetti\JBlackJack\src\main\resources\players.json
mar 10, 2025 11:42:40 AM Utility.LoggerUtility logInfo
INFO: [Model.Profile.ProfileManager.loadProfiles()] 
Trovati 14 profili
mar 10, 2025 11:42:47 AM Utility.LoggerUtility logInfo
INFO: [Controller.GameManager.startGame()] 
Gioco avviato per il profilo: Andrew, giocatori: 3, design carte: Images/cardBack_red5.png
mar 10, 2025 11:44:56 AM Utility.LoggerUtility logInfo
INFO: [Model.Profile.ProfileManager.loadProfiles()] 
Caricamento profili dal file: C:\progetti\JBlackJack\src\main\resources\players.json
mar 10, 2025 11:44:56 AM Utility.LoggerUtility logInfo
INFO: [Model.Profile.ProfileManager.loadProfiles()] 
Trovati 14 profili
mar 10, 2025 11:45:03 AM Utility.LoggerUtility logInfo
INFO: [Controller.GameManager.startGame()] 
Gioco avviato per il profilo: Andrew, giocatori: 3, design carte: Images/cardBack_red5.png
mar 10, 2025 11:45:50 AM Utility.LoggerUtility logInfo
INFO: [Model.Profile.ProfileManager.loadProfiles()] 
Caricamento profili dal file: C:\progetti\JBlackJack\src\main\resources\players.json
mar 10, 2025 11:45:50 AM Utility.LoggerUtility logInfo
INFO: [Model.Profile.ProfileManager.loadProfiles()] 
Trovati 14 profili
mar 10, 2025 11:45:56 AM Utility.LoggerUtility logInfo
INFO: [Controller.GameManager.startGame()] 
Gioco avviato per il profilo: Andrew, giocatori: 3, design carte: Images/cardBack_red5.png
mar 10, 2025 11:46:23 AM Utility.LoggerUtility logInfo
INFO: [Model.Profile.ProfileManager.loadProfiles()] 
Caricamento profili dal file: C:\progetti\JBlackJack\src\main\resources\players.json
mar 10, 2025 11:46:23 AM Utility.LoggerUtility logInfo
INFO: [Model.Profile.ProfileManager.loadProfiles()] 
Trovati 14 profili
mar 10, 2025 11:46:31 AM Utility.LoggerUtility logInfo
INFO: [Controller.GameManager.startGame()] 
Gioco avviato per il profilo: Andrew, giocatori: 3, design carte: Images/cardBack_red5.png
mar 10, 2025 11:51:58 AM Utility.LoggerUtility logInfo
INFO: [Model.Profile.ProfileManager.loadProfiles()] 
Caricamento profili dal file: C:\progetti\JBlackJack\src\main\resources\players.json
mar 10, 2025 11:51:58 AM Utility.LoggerUtility logInfo
INFO: [Model.Profile.ProfileManager.loadProfiles()] 
Trovati 14 profili
mar 10, 2025 11:52:06 AM Utility.LoggerUtility logInfo
INFO: [Controller.GameManager.startGame()] 
Gioco avviato per il profilo: Andrew, giocatori: 2, design carte: Images/cardBack_red5.png
mar 10, 2025 11:53:28 AM Utility.LoggerUtility logInfo
INFO: [Model.Profile.ProfileManager.loadProfiles()] 
Caricamento profili dal file: C:\progetti\JBlackJack\src\main\resources\players.json
mar 10, 2025 11:53:28 AM Utility.LoggerUtility logInfo
INFO: [Model.Profile.ProfileManager.loadProfiles()] 
Trovati 14 profili
mar 10, 2025 11:53:36 AM Utility.LoggerUtility logInfo
INFO: [Controller.GameManager.startGame()] 
Gioco avviato per il profilo: Andrew, giocatori: 3, design carte: Images/cardBack_red5.png
mar 10, 2025 11:53:54 AM Utility.LoggerUtility logInfo
INFO: [Model.Profile.ProfileManager.loadProfiles()] 
Caricamento profili dal file: C:\progetti\JBlackJack\src\main\resources\players.json
mar 10, 2025 11:53:54 AM Utility.LoggerUtility logInfo
INFO: [Model.Profile.ProfileManager.loadProfiles()] 
Trovati 14 profili
mar 10, 2025 11:54:06 AM Utility.LoggerUtility logInfo
INFO: [Controller.GameManager.startGame()] 
Gioco avviato per il profilo: Andrew, giocatori: 2, design carte: Images/cardBack_red5.png
mar 10, 2025 11:57:55 AM Utility.LoggerUtility logInfo
INFO: [Model.Profile.ProfileManager.loadProfiles()] 
Caricamento profili dal file: C:\progetti\JBlackJack\src\main\resources\players.json
mar 10, 2025 11:57:55 AM Utility.LoggerUtility logInfo
INFO: [Model.Profile.ProfileManager.loadProfiles()] 
Trovati 14 profili
mar 10, 2025 11:58:09 AM Utility.LoggerUtility logInfo
INFO: [Controller.GameManager.startGame()] 
Gioco avviato per il profilo: Andrew, giocatori: 3, design carte: Images/cardBack_red5.png
mar 10, 2025 11:58:50 AM Utility.LoggerUtility logInfo
INFO: [Model.Profile.ProfileManager.loadProfiles()] 
Caricamento profili dal file: C:\progetti\JBlackJack\src\main\resources\players.json
mar 10, 2025 11:58:50 AM Utility.LoggerUtility logInfo
INFO: [Model.Profile.ProfileManager.loadProfiles()] 
Trovati 14 profili
mar 10, 2025 11:58:59 AM Utility.LoggerUtility logInfo
INFO: [Controller.GameManager.startGame()] 
Gioco avviato per il profilo: Andrew, giocatori: 2, design carte: Images/cardBack_blue5.png
mar 10, 2025 12:17:15 PM Utility.LoggerUtility logInfo
INFO: [Model.Profile.ProfileManager.loadProfiles()] 
Caricamento profili dal file: C:\progetti\JBlackJack\src\main\resources\players.json
mar 10, 2025 12:17:15 PM Utility.LoggerUtility logInfo
INFO: [Model.Profile.ProfileManager.loadProfiles()] 
Trovati 14 profili
mar 10, 2025 12:17:21 PM Utility.LoggerUtility logInfo
INFO: [Controller.GameManager.startGame()] 
Gioco avviato per il profilo: Andrew, giocatori: 2, design carte: Images/cardBack_red5.png
mar 10, 2025 12:22:15 PM Utility.LoggerUtility logInfo
INFO: [Model.Profile.ProfileManager.loadProfiles()] 
Caricamento profili dal file: C:\progetti\JBlackJack\src\main\resources\players.json
mar 10, 2025 12:22:15 PM Utility.LoggerUtility logInfo
INFO: [Model.Profile.ProfileManager.loadProfiles()] 
Trovati 14 profili
mar 10, 2025 12:22:22 PM Utility.LoggerUtility logInfo
INFO: [Controller.GameManager.startGame()] 
Gioco avviato per il profilo: Andrew, giocatori: 3, design carte: Images/cardBack_red5.png
mar 10, 2025 12:32:06 PM Utility.LoggerUtility logInfo
INFO: [Model.Profile.ProfileManager.loadProfiles()] 
Caricamento profili dal file: C:\progetti\JBlackJack\src\main\resources\players.json
mar 10, 2025 12:32:06 PM Utility.LoggerUtility logInfo
INFO: [Model.Profile.ProfileManager.loadProfiles()] 
Trovati 14 profili
mar 10, 2025 12:32:19 PM Utility.LoggerUtility logInfo
INFO: [Controller.GameManager.startGame()] 
Gioco avviato per il profilo: Andrew, giocatori: 3, design carte: Images/cardBack_red5.png
mar 10, 2025 12:33:35 PM Utility.LoggerUtility logInfo
INFO: [Model.Profile.ProfileManager.loadProfiles()] 
Caricamento profili dal file: C:\progetti\JBlackJack\src\main\resources\players.json
mar 10, 2025 12:33:35 PM Utility.LoggerUtility logInfo
INFO: [Model.Profile.ProfileManager.loadProfiles()] 
Trovati 14 profili
mar 10, 2025 12:33:42 PM Utility.LoggerUtility logInfo
INFO: [Controller.GameManager.startGame()] 
Gioco avviato per il profilo: Andrew, giocatori: 2, design carte: Images/cardBack_red5.png
mar 10, 2025 12:34:54 PM Utility.LoggerUtility logInfo
INFO: [Model.Profile.ProfileManager.loadProfiles()] 
Caricamento profili dal file: C:\progetti\JBlackJack\src\main\resources\players.json
mar 10, 2025 12:34:54 PM Utility.LoggerUtility logInfo
INFO: [Model.Profile.ProfileManager.loadProfiles()] 
Trovati 14 profili
mar 10, 2025 12:35:07 PM Utility.LoggerUtility logInfo
INFO: [Controller.GameManager.startGame()] 
Gioco avviato per il profilo: Andrew, giocatori: 2, design carte: Images/cardBack_red5.png
mar 10, 2025 12:39:20 PM Utility.LoggerUtility logInfo
INFO: [Model.Profile.ProfileManager.loadProfiles()] 
Caricamento profili dal file: C:\progetti\JBlackJack\src\main\resources\players.json
mar 10, 2025 12:39:20 PM Utility.LoggerUtility logInfo
INFO: [Model.Profile.ProfileManager.loadProfiles()] 
Trovati 14 profili
mar 10, 2025 12:39:35 PM Utility.LoggerUtility logInfo
INFO: [Controller.GameManager.startGame()] 
Gioco avviato per il profilo: Andrew, giocatori: 3, design carte: Images/cardBack_red5.png
mar 10, 2025 12:40:43 PM Utility.LoggerUtility logInfo
INFO: [Model.Profile.ProfileManager.loadProfiles()] 
Caricamento profili dal file: C:\progetti\JBlackJack\src\main\resources\players.json
mar 10, 2025 12:40:43 PM Utility.LoggerUtility logInfo
INFO: [Model.Profile.ProfileManager.loadProfiles()] 
Trovati 14 profili
mar 10, 2025 12:40:51 PM Utility.LoggerUtility logInfo
INFO: [Controller.GameManager.startGame()] 
Gioco avviato per il profilo: Andrew, giocatori: 2, design carte: Images/cardBack_red5.png
mar 10, 2025 12:42:46 PM Utility.LoggerUtility logInfo
INFO: [Model.Profile.ProfileManager.loadProfiles()] 
Caricamento profili dal file: C:\progetti\JBlackJack\src\main\resources\players.json
mar 10, 2025 12:42:46 PM Utility.LoggerUtility logInfo
INFO: [Model.Profile.ProfileManager.loadProfiles()] 
Trovati 14 profili
mar 10, 2025 12:42:50 PM Utility.LoggerUtility logError
SEVERE: [Controller.GameManager.startGame()] 
Errore nell'avvio del gioco: URL must not be null
java.lang.NullPointerException: URL must not be null
	at javafx.graphics@20.0.1/javafx.scene.image.Image.validateUrl(Image.java:1104)
	at javafx.graphics@20.0.1/javafx.scene.image.Image.<init>(Image.java:628)
	at com.example.jblackjack/View.PlayerInfoView.<init>(PlayerInfoView.java:30)
	at com.example.jblackjack/View.BlackJackViewImpl.<init>(BlackJackViewImpl.java:49)
	at com.example.jblackjack/Controller.GameManager.startGame(GameManager.java:78)
	at com.example.jblackjack/Controller.MenuController.onStartGameButtonClick(MenuController.java:192)
	at java.base/jdk.internal.reflect.DirectMethodHandleAccessor.invoke(DirectMethodHandleAccessor.java:103)
	at java.base/java.lang.reflect.Method.invoke(Method.java:580)
	at com.sun.javafx.reflect.Trampoline.invoke(MethodUtil.java:72)
	at java.base/jdk.internal.reflect.DirectMethodHandleAccessor.invoke(DirectMethodHandleAccessor.java:103)
	at java.base/java.lang.reflect.Method.invoke(Method.java:580)
	at javafx.base@20.0.1/com.sun.javafx.reflect.MethodUtil.invoke(MethodUtil.java:270)
	at javafx.fxml@20.0.1/com.sun.javafx.fxml.MethodHelper.invoke(MethodHelper.java:84)
	at javafx.fxml@20.0.1/javafx.fxml.FXMLLoader$MethodHandler.invoke(FXMLLoader.java:1855)
	at javafx.fxml@20.0.1/javafx.fxml.FXMLLoader$ControllerMethodEventHandler.handle(FXMLLoader.java:1726)
	at javafx.base@20.0.1/com.sun.javafx.event.CompositeEventHandler.dispatchBubblingEvent(CompositeEventHandler.java:86)
	at javafx.base@20.0.1/com.sun.javafx.event.EventHandlerManager.dispatchBubblingEvent(EventHandlerManager.java:232)
	at javafx.base@20.0.1/com.sun.javafx.event.EventHandlerManager.dispatchBubblingEvent(EventHandlerManager.java:189)
	at javafx.base@20.0.1/com.sun.javafx.event.CompositeEventDispatcher.dispatchBubblingEvent(CompositeEventDispatcher.java:59)
	at javafx.base@20.0.1/com.sun.javafx.event.BasicEventDispatcher.dispatchEvent(BasicEventDispatcher.java:58)
	at javafx.base@20.0.1/com.sun.javafx.event.EventDispatchChainImpl.dispatchEvent(EventDispatchChainImpl.java:114)
	at javafx.base@20.0.1/com.sun.javafx.event.BasicEventDispatcher.dispatchEvent(BasicEventDispatcher.java:56)
	at javafx.base@20.0.1/com.sun.javafx.event.EventDispatchChainImpl.dispatchEvent(EventDispatchChainImpl.java:114)
	at javafx.base@20.0.1/com.sun.javafx.event.BasicEventDispatcher.dispatchEvent(BasicEventDispatcher.java:56)
	at javafx.base@20.0.1/com.sun.javafx.event.EventDispatchChainImpl.dispatchEvent(EventDispatchChainImpl.java:114)
	at javafx.base@20.0.1/com.sun.javafx.event.EventUtil.fireEventImpl(EventUtil.java:74)
	at javafx.base@20.0.1/com.sun.javafx.event.EventUtil.fireEvent(EventUtil.java:49)
	at javafx.base@20.0.1/javafx.event.Event.fireEvent(Event.java:198)
	at javafx.graphics@20.0.1/javafx.scene.Node.fireEvent(Node.java:8944)
	at javafx.controls@20.0.1/javafx.scene.control.Button.fire(Button.java:203)
	at javafx.controls@20.0.1/com.sun.javafx.scene.control.behavior.ButtonBehavior.mouseReleased(ButtonBehavior.java:207)
	at javafx.controls@20.0.1/com.sun.javafx.scene.control.inputmap.InputMap.handle(InputMap.java:274)
	at javafx.base@20.0.1/com.sun.javafx.event.CompositeEventHandler$NormalEventHandlerRecord.handleBubblingEvent(CompositeEventHandler.java:247)
	at javafx.base@20.0.1/com.sun.javafx.event.CompositeEventHandler.dispatchBubblingEvent(CompositeEventHandler.java:80)
	at javafx.base@20.0.1/com.sun.javafx.event.EventHandlerManager.dispatchBubblingEvent(EventHandlerManager.java:232)
	at javafx.base@20.0.1/com.sun.javafx.event.EventHandlerManager.dispatchBubblingEvent(EventHandlerManager.java:189)
	at javafx.base@20.0.1/com.sun.javafx.event.CompositeEventDispatcher.dispatchBubblingEvent(CompositeEventDispatcher.java:59)
	at javafx.base@20.0.1/com.sun.javafx.event.BasicEventDispatcher.dispatchEvent(BasicEventDispatcher.java:58)
	at javafx.base@20.0.1/com.sun.javafx.event.EventDispatchChainImpl.dispatchEvent(EventDispatchChainImpl.java:114)
	at javafx.base@20.0.1/com.sun.javafx.event.BasicEventDispatcher.dispatchEvent(BasicEventDispatcher.java:56)
	at javafx.base@20.0.1/com.sun.javafx.event.EventDispatchChainImpl.dispatchEvent(EventDispatchChainImpl.java:114)
	at javafx.base@20.0.1/com.sun.javafx.event.BasicEventDispatcher.dispatchEvent(BasicEventDispatcher.java:56)
	at javafx.base@20.0.1/com.sun.javafx.event.EventDispatchChainImpl.dispatchEvent(EventDispatchChainImpl.java:114)
	at javafx.base@20.0.1/com.sun.javafx.event.EventUtil.fireEventImpl(EventUtil.java:74)
	at javafx.base@20.0.1/com.sun.javafx.event.EventUtil.fireEvent(EventUtil.java:54)
	at javafx.base@20.0.1/javafx.event.Event.fireEvent(Event.java:198)
	at javafx.graphics@20.0.1/javafx.scene.Scene$MouseHandler.process(Scene.java:3980)
	at javafx.graphics@20.0.1/javafx.scene.Scene.processMouseEvent(Scene.java:1890)
	at javafx.graphics@20.0.1/javafx.scene.Scene$ScenePeerListener.mouseEvent(Scene.java:2704)
	at javafx.graphics@20.0.1/com.sun.javafx.tk.quantum.GlassViewEventHandler$MouseEventNotification.run(GlassViewEventHandler.java:411)
	at javafx.graphics@20.0.1/com.sun.javafx.tk.quantum.GlassViewEventHandler$MouseEventNotification.run(GlassViewEventHandler.java:301)
	at java.base/java.security.AccessController.doPrivileged(AccessController.java:400)
	at javafx.graphics@20.0.1/com.sun.javafx.tk.quantum.GlassViewEventHandler.lambda$handleMouseEvent$2(GlassViewEventHandler.java:450)
	at javafx.graphics@20.0.1/com.sun.javafx.tk.quantum.QuantumToolkit.runWithoutRenderLock(QuantumToolkit.java:424)
	at javafx.graphics@20.0.1/com.sun.javafx.tk.quantum.GlassViewEventHandler.handleMouseEvent(GlassViewEventHandler.java:449)
	at javafx.graphics@20.0.1/com.sun.glass.ui.View.handleMouseEvent(View.java:551)
	at javafx.graphics@20.0.1/com.sun.glass.ui.View.notifyMouse(View.java:937)
	at javafx.graphics@20.0.1/com.sun.glass.ui.win.WinApplication._runLoop(Native Method)
	at javafx.graphics@20.0.1/com.sun.glass.ui.win.WinApplication.lambda$runLoop$3(WinApplication.java:185)
	at java.base/java.lang.Thread.run(Thread.java:1570)

mar 10, 2025 12:43:04 PM Utility.LoggerUtility logInfo
INFO: [Controller.GameManager.startGame()] 
Gioco avviato per il profilo: Andrew, giocatori: 3, design carte: Images/cardBack_blue5.png
mar 10, 2025 12:44:23 PM Utility.LoggerUtility logInfo
INFO: [Model.Profile.ProfileManager.loadProfiles()] 
Caricamento profili dal file: C:\progetti\JBlackJack\src\main\resources\players.json
mar 10, 2025 12:44:23 PM Utility.LoggerUtility logInfo
INFO: [Model.Profile.ProfileManager.loadProfiles()] 
Trovati 14 profili
mar 10, 2025 12:44:31 PM Utility.LoggerUtility logInfo
INFO: [Controller.GameManager.startGame()] 
Gioco avviato per il profilo: Andrew, giocatori: 3, design carte: Images/cardBack_red5.png
mar 10, 2025 12:46:12 PM Utility.LoggerUtility logInfo
INFO: [Model.Profile.ProfileManager.loadProfiles()] 
Caricamento profili dal file: C:\progetti\JBlackJack\src\main\resources\players.json
mar 10, 2025 12:46:12 PM Utility.LoggerUtility logInfo
INFO: [Model.Profile.ProfileManager.loadProfiles()] 
Trovati 14 profili
mar 10, 2025 12:46:19 PM Utility.LoggerUtility logInfo
INFO: [Controller.GameManager.startGame()] 
Gioco avviato per il profilo: Andrew, giocatori: 3, design carte: Images/cardBack_blue5.png
mar 10, 2025 12:54:12 PM Utility.LoggerUtility logInfo
INFO: [Model.Profile.ProfileManager.loadProfiles()] 
Caricamento profili dal file: C:\progetti\JBlackJack\src\main\resources\players.json
mar 10, 2025 12:54:12 PM Utility.LoggerUtility logInfo
INFO: [Model.Profile.ProfileManager.loadProfiles()] 
Trovati 14 profili
mar 10, 2025 12:54:19 PM Utility.LoggerUtility logInfo
INFO: [Controller.GameManager.startGame()] 
Gioco avviato per il profilo: Andrew, giocatori: 3, design carte: Images/cardBack_red5.png
mar 10, 2025 12:58:45 PM Utility.LoggerUtility logInfo
INFO: [Model.Profile.ProfileManager.loadProfiles()] 
Caricamento profili dal file: C:\progetti\JBlackJack\src\main\resources\players.json
mar 10, 2025 12:58:45 PM Utility.LoggerUtility logInfo
INFO: [Model.Profile.ProfileManager.loadProfiles()] 
Trovati 14 profili
mar 10, 2025 12:58:52 PM Utility.LoggerUtility logInfo
INFO: [Controller.GameManager.startGame()] 
Gioco avviato per il profilo: Andrew, giocatori: 2, design carte: Images/cardBack_red5.png
mar 10, 2025 12:59:28 PM Utility.LoggerUtility logInfo
INFO: [Model.Profile.ProfileManager.loadProfiles()] 
Caricamento profili dal file: C:\progetti\JBlackJack\src\main\resources\players.json
mar 10, 2025 12:59:28 PM Utility.LoggerUtility logInfo
INFO: [Model.Profile.ProfileManager.loadProfiles()] 
Trovati 14 profili
mar 10, 2025 12:59:37 PM Utility.LoggerUtility logInfo
INFO: [Controller.GameManager.startGame()] 
Gioco avviato per il profilo: Andrew, giocatori: 3, design carte: Images/cardBack_red5.png
mar 11, 2025 10:59:01 AM Utility.LoggerUtility logInfo
INFO: [Model.Profile.ProfileManager.loadProfiles()] 
Caricamento profili dal file: C:\progetti\JBlackJack\src\main\resources\players.json
mar 11, 2025 10:59:01 AM Utility.LoggerUtility logInfo
INFO: [Model.Profile.ProfileManager.loadProfiles()] 
Trovati 14 profili
mar 11, 2025 10:59:12 AM Utility.LoggerUtility logInfo
INFO: [Controller.GameManager.startGame()] 
Gioco avviato per il profilo: Andrew, giocatori: 3, design carte: Images/cardBack_red5.png
mar 11, 2025 11:07:00 AM Utility.LoggerUtility logInfo
INFO: [Model.Profile.ProfileManager.loadProfiles()] 
Caricamento profili dal file: C:\progetti\JBlackJack\src\main\resources\players.json
mar 11, 2025 11:07:00 AM Utility.LoggerUtility logInfo
INFO: [Model.Profile.ProfileManager.loadProfiles()] 
Trovati 14 profili
mar 11, 2025 11:07:10 AM Utility.LoggerUtility logInfo
INFO: [Controller.GameManager.startGame()] 
Gioco avviato per il profilo: Andrew, giocatori: 3, design carte: Images/cardBack_red5.png
mar 11, 2025 11:14:47 AM Utility.LoggerUtility logInfo
INFO: [Model.Profile.ProfileManager.loadProfiles()] 
Caricamento profili dal file: C:\progetti\JBlackJack\src\main\resources\players.json
mar 11, 2025 11:14:47 AM Utility.LoggerUtility logInfo
INFO: [Model.Profile.ProfileManager.loadProfiles()] 
Trovati 14 profili
mar 11, 2025 11:14:57 AM Utility.LoggerUtility logInfo
INFO: [Controller.GameManager.startGame()] 
Gioco avviato per il profilo: Andrew, giocatori: 3, design carte: Images/cardBack_red5.png
mar 11, 2025 11:17:10 AM Utility.LoggerUtility logInfo
INFO: [Model.Profile.ProfileManager.loadProfiles()] 
Caricamento profili dal file: C:\progetti\JBlackJack\src\main\resources\players.json
mar 11, 2025 11:17:10 AM Utility.LoggerUtility logInfo
INFO: [Model.Profile.ProfileManager.loadProfiles()] 
Trovati 14 profili
mar 11, 2025 11:17:17 AM Utility.LoggerUtility logInfo
INFO: [Controller.GameManager.startGame()] 
Gioco avviato per il profilo: Andrew, giocatori: 3, design carte: Images/cardBack_red5.png
mar 11, 2025 11:21:03 AM Utility.LoggerUtility logInfo
INFO: [Model.Profile.ProfileManager.loadProfiles()] 
Caricamento profili dal file: C:\progetti\JBlackJack\src\main\resources\players.json
mar 11, 2025 11:21:03 AM Utility.LoggerUtility logInfo
INFO: [Model.Profile.ProfileManager.loadProfiles()] 
Trovati 14 profili
mar 11, 2025 11:21:29 AM Utility.LoggerUtility logInfo
INFO: [Controller.GameManager.startGame()] 
Gioco avviato per il profilo: Andrew, giocatori: 3, design carte: Images/cardBack_red5.png
mar 11, 2025 11:21:58 AM Utility.LoggerUtility logInfo
INFO: [Model.Profile.ProfileManager.loadProfiles()] 
Caricamento profili dal file: C:\progetti\JBlackJack\src\main\resources\players.json
mar 11, 2025 11:21:58 AM Utility.LoggerUtility logInfo
INFO: [Model.Profile.ProfileManager.loadProfiles()] 
Trovati 14 profili
mar 11, 2025 11:23:57 AM Utility.LoggerUtility logInfo
INFO: [Controller.GameManager.startGame()] 
Gioco avviato per il profilo: Andrew, giocatori: 3, design carte: Images/cardBack_red5.png
mar 11, 2025 11:40:32 AM Utility.LoggerUtility logInfo
INFO: [Model.Profile.ProfileManager.loadProfiles()] 
Caricamento profili dal file: C:\progetti\JBlackJack\src\main\resources\players.json
mar 11, 2025 11:40:32 AM Utility.LoggerUtility logInfo
INFO: [Model.Profile.ProfileManager.loadProfiles()] 
Trovati 14 profili
mar 11, 2025 11:40:45 AM Utility.LoggerUtility logInfo
INFO: [Controller.GameManager.startGame()] 
Gioco avviato per il profilo: Andrew, giocatori: 3, design carte: Images/cardBack_red5.png
mar 11, 2025 11:40:57 AM Utility.LoggerUtility logInfo
INFO: [Model.Profile.ProfileManager.loadProfiles()] 
Caricamento profili dal file: C:\progetti\JBlackJack\src\main\resources\players.json
mar 11, 2025 11:40:57 AM Utility.LoggerUtility logInfo
INFO: [Model.Profile.ProfileManager.loadProfiles()] 
Trovati 14 profili
mar 11, 2025 11:41:08 AM Utility.LoggerUtility logInfo
INFO: [Controller.GameManager.startGame()] 
Gioco avviato per il profilo: Andrew, giocatori: 3, design carte: Images/cardBack_red5.png
mar 11, 2025 11:45:39 AM Utility.LoggerUtility logInfo
INFO: [Model.Profile.ProfileManager.loadProfiles()] 
Caricamento profili dal file: C:\progetti\JBlackJack\src\main\resources\players.json
mar 11, 2025 11:45:39 AM Utility.LoggerUtility logInfo
INFO: [Model.Profile.ProfileManager.loadProfiles()] 
Trovati 14 profili
mar 11, 2025 11:45:44 AM Utility.LoggerUtility logWarning
WARNING: [Controller.MenuController.onStartGameButtonClick()] 
Nessun profilo selezionato per iniziare il gioco!
mar 11, 2025 11:46:54 AM Utility.LoggerUtility logInfo
INFO: [Model.Profile.ProfileManager.loadProfiles()] 
Caricamento profili dal file: C:\progetti\JBlackJack\src\main\resources\players.json
mar 11, 2025 11:46:54 AM Utility.LoggerUtility logInfo
INFO: [Model.Profile.ProfileManager.loadProfiles()] 
Trovati 14 profili
mar 11, 2025 11:46:57 AM Utility.LoggerUtility logWarning
WARNING: [Controller.MenuController.updateUIFromProfile()] 
Field del testo vuota
mar 11, 2025 11:46:59 AM Utility.LoggerUtility logWarning
WARNING: [Controller.MenuController.onStartGameButtonClick()] 
Nessun profilo selezionato per iniziare il gioco!
mar 11, 2025 11:47:44 AM Utility.LoggerUtility logInfo
INFO: [Model.Profile.ProfileManager.loadProfiles()] 
Caricamento profili dal file: C:\progetti\JBlackJack\src\main\resources\players.json
mar 11, 2025 11:47:44 AM Utility.LoggerUtility logInfo
INFO: [Model.Profile.ProfileManager.loadProfiles()] 
Trovati 14 profili
mar 11, 2025 11:49:55 AM Utility.LoggerUtility logInfo
INFO: [Controller.MenuController.onCreateProfileClick()] 
Aggiorno Nickname e creo il profilo
mar 11, 2025 11:49:55 AM Utility.LoggerUtility logInfo
INFO: [Model.Profile.ProfileManager.createProfile()] 
Profilo Mario creato con successo
mar 11, 2025 11:49:55 AM Utility.LoggerUtility logInfo
INFO: [Controller.GameManager.createNewProfile()] 
Profilo creato:Mario
mar 11, 2025 11:50:12 AM Utility.LoggerUtility logInfo
INFO: [Controller.GameManager.startGame()] 
Gioco avviato per il profilo: Mario, giocatori: 3, design carte: Images/cardBack_red5.png
mar 11, 2025 2:18:13 PM Utility.LoggerUtility logInfo
INFO: [Model.Profile.ProfileManager.loadProfiles()] 
Caricamento profili dal file: C:\progetti\JBlackJack\src\main\resources\players.json
mar 11, 2025 2:18:13 PM Utility.LoggerUtility logInfo
INFO: [Model.Profile.ProfileManager.loadProfiles()] 
Trovati 15 profili
mar 11, 2025 2:18:28 PM Utility.LoggerUtility logInfo
INFO: [Controller.GameManager.startGame()] 
Gioco avviato per il profilo: Andrew, giocatori: 2, design carte: Images/cardBack_blue5.png
mar 11, 2025 2:19:16 PM Utility.LoggerUtility logInfo
INFO: [Model.Profile.ProfileManager.loadProfiles()] 
Caricamento profili dal file: C:\progetti\JBlackJack\src\main\resources\players.json
mar 11, 2025 2:19:16 PM Utility.LoggerUtility logInfo
INFO: [Model.Profile.ProfileManager.loadProfiles()] 
Trovati 15 profili
mar 11, 2025 2:19:27 PM Utility.LoggerUtility logInfo
INFO: [Controller.GameManager.startGame()] 
Gioco avviato per il profilo: Andrew, giocatori: 2, design carte: Images/cardBack_red5.png
mar 11, 2025 2:19:49 PM Utility.LoggerUtility logInfo
INFO: [Model.Profile.ProfileManager.loadProfiles()] 
Caricamento profili dal file: C:\progetti\JBlackJack\src\main\resources\players.json
mar 11, 2025 2:19:49 PM Utility.LoggerUtility logInfo
INFO: [Model.Profile.ProfileManager.loadProfiles()] 
Trovati 15 profili
mar 11, 2025 2:19:59 PM Utility.LoggerUtility logInfo
INFO: [Controller.GameManager.startGame()] 
Gioco avviato per il profilo: Andrew, giocatori: 3, design carte: Images/cardBack_red5.png
mar 11, 2025 2:24:44 PM Utility.LoggerUtility logInfo
INFO: [Model.Profile.ProfileManager.loadProfiles()] 
Caricamento profili dal file: C:\progetti\JBlackJack\src\main\resources\players.json
mar 11, 2025 2:24:44 PM Utility.LoggerUtility logInfo
INFO: [Model.Profile.ProfileManager.loadProfiles()] 
Trovati 15 profili
mar 11, 2025 2:24:55 PM Utility.LoggerUtility logInfo
INFO: [Controller.GameManager.startGame()] 
Gioco avviato per il profilo: Andrew, giocatori: 3, design carte: Images/cardBack_red5.png
mar 11, 2025 2:42:06 PM Utility.LoggerUtility logInfo
INFO: [Model.Profile.ProfileManager.loadProfiles()] 
Caricamento profili dal file: C:\progetti\JBlackJack\src\main\resources\players.json
mar 11, 2025 2:42:06 PM Utility.LoggerUtility logInfo
INFO: [Model.Profile.ProfileManager.loadProfiles()] 
Trovati 15 profili
mar 11, 2025 2:43:03 PM Utility.LoggerUtility logInfo
INFO: [Controller.GameManager.startGame()] 
Gioco avviato per il profilo: Andrew, giocatori: 3, design carte: Images/cardBack_red5.png
mar 11, 2025 2:45:11 PM Utility.LoggerUtility logInfo
INFO: [Model.Profile.ProfileManager.loadProfiles()] 
Caricamento profili dal file: C:\progetti\JBlackJack\src\main\resources\players.json
mar 11, 2025 2:45:11 PM Utility.LoggerUtility logInfo
INFO: [Model.Profile.ProfileManager.loadProfiles()] 
Trovati 15 profili
mar 11, 2025 2:45:21 PM Utility.LoggerUtility logInfo
INFO: [Controller.GameManager.startGame()] 
Gioco avviato per il profilo: Andrew, giocatori: 3, design carte: Images/cardBack_red5.png
mar 11, 2025 2:45:37 PM Utility.LoggerUtility logInfo
INFO: [Model.Profile.ProfileManager.loadProfiles()] 
Caricamento profili dal file: C:\progetti\JBlackJack\src\main\resources\players.json
mar 11, 2025 2:45:37 PM Utility.LoggerUtility logInfo
INFO: [Model.Profile.ProfileManager.loadProfiles()] 
Trovati 15 profili
mar 11, 2025 2:45:47 PM Utility.LoggerUtility logInfo
INFO: [Controller.GameManager.startGame()] 
Gioco avviato per il profilo: Andrew, giocatori: 2, design carte: Images/cardBack_red5.png
mar 11, 2025 2:46:17 PM Utility.LoggerUtility logInfo
INFO: [Model.Profile.ProfileManager.loadProfiles()] 
Caricamento profili dal file: C:\progetti\JBlackJack\src\main\resources\players.json
mar 11, 2025 2:46:17 PM Utility.LoggerUtility logInfo
INFO: [Model.Profile.ProfileManager.loadProfiles()] 
Trovati 15 profili
mar 11, 2025 2:46:26 PM Utility.LoggerUtility logInfo
INFO: [Controller.GameManager.startGame()] 
Gioco avviato per il profilo: Andrew, giocatori: 3, design carte: Images/cardBack_red5.png
mar 11, 2025 2:46:51 PM Utility.LoggerUtility logInfo
INFO: [Model.Profile.ProfileManager.loadProfiles()] 
Caricamento profili dal file: C:\progetti\JBlackJack\src\main\resources\players.json
mar 11, 2025 2:46:51 PM Utility.LoggerUtility logInfo
INFO: [Model.Profile.ProfileManager.loadProfiles()] 
Trovati 15 profili
mar 11, 2025 2:47:00 PM Utility.LoggerUtility logInfo
INFO: [Controller.GameManager.startGame()] 
Gioco avviato per il profilo: Andrew, giocatori: 3, design carte: Images/cardBack_red5.png
mar 11, 2025 2:48:01 PM Utility.LoggerUtility logInfo
INFO: [Model.Profile.ProfileManager.loadProfiles()] 
Caricamento profili dal file: C:\progetti\JBlackJack\src\main\resources\players.json
mar 11, 2025 2:48:01 PM Utility.LoggerUtility logInfo
INFO: [Model.Profile.ProfileManager.loadProfiles()] 
Trovati 15 profili
mar 11, 2025 2:48:11 PM Utility.LoggerUtility logInfo
INFO: [Controller.GameManager.startGame()] 
Gioco avviato per il profilo: Andrew, giocatori: 3, design carte: Images/cardBack_red5.png
mar 11, 2025 2:54:06 PM Utility.LoggerUtility logInfo
INFO: [Model.Profile.ProfileManager.loadProfiles()] 
Caricamento profili dal file: C:\progetti\JBlackJack\src\main\resources\players.json
mar 11, 2025 2:54:06 PM Utility.LoggerUtility logInfo
INFO: [Model.Profile.ProfileManager.loadProfiles()] 
Trovati 15 profili
mar 11, 2025 2:54:16 PM Utility.LoggerUtility logInfo
INFO: [Controller.GameManager.startGame()] 
Gioco avviato per il profilo: Andrew, giocatori: 3, design carte: Images/cardBack_red5.png
mar 11, 2025 2:54:36 PM Utility.LoggerUtility logInfo
INFO: [Model.Profile.ProfileManager.loadProfiles()] 
Caricamento profili dal file: C:\progetti\JBlackJack\src\main\resources\players.json
mar 11, 2025 2:54:36 PM Utility.LoggerUtility logInfo
INFO: [Model.Profile.ProfileManager.loadProfiles()] 
Trovati 15 profili
mar 11, 2025 2:54:54 PM Utility.LoggerUtility logInfo
INFO: [Controller.GameManager.startGame()] 
Gioco avviato per il profilo: Andrew, giocatori: 3, design carte: Images/cardBack_red5.png
mar 11, 2025 3:35:35 PM Utility.LoggerUtility logInfo
INFO: [Model.Profile.ProfileManager.loadProfiles()] 
Caricamento profili dal file: C:\progetti\JBlackJack\src\main\resources\players.json
mar 11, 2025 3:35:35 PM Utility.LoggerUtility logInfo
INFO: [Model.Profile.ProfileManager.loadProfiles()] 
Trovati 15 profili
mar 11, 2025 3:35:55 PM Utility.LoggerUtility logInfo
INFO: [Controller.GameManager.startGame()] 
Gioco avviato per il profilo: Andrew, giocatori: 2, design carte: Images/cardBack_blue5.png
mar 11, 2025 3:52:45 PM Utility.LoggerUtility logInfo
INFO: [Model.Profile.ProfileManager.loadProfiles()] 
Caricamento profili dal file: C:\progetti\JBlackJack\src\main\resources\players.json
mar 11, 2025 3:52:45 PM Utility.LoggerUtility logInfo
INFO: [Model.Profile.ProfileManager.loadProfiles()] 
Trovati 15 profili
mar 11, 2025 3:52:57 PM Utility.LoggerUtility logInfo
INFO: [Controller.GameManager.startGame()] 
Gioco avviato per il profilo: Andrew, giocatori: 3, design carte: Images/cardBack_red5.png
mar 11, 2025 3:53:16 PM Utility.LoggerUtility logInfo
INFO: [Model.Profile.ProfileManager.loadProfiles()] 
Caricamento profili dal file: C:\progetti\JBlackJack\src\main\resources\players.json
mar 11, 2025 3:53:16 PM Utility.LoggerUtility logInfo
INFO: [Model.Profile.ProfileManager.loadProfiles()] 
Trovati 15 profili
mar 11, 2025 3:53:31 PM Utility.LoggerUtility logInfo
INFO: [Model.Profile.ProfileManager.loadProfiles()] 
Caricamento profili dal file: C:\progetti\JBlackJack\src\main\resources\players.json
mar 11, 2025 3:53:31 PM Utility.LoggerUtility logInfo
INFO: [Model.Profile.ProfileManager.loadProfiles()] 
Trovati 15 profili
mar 11, 2025 3:55:04 PM Utility.LoggerUtility logInfo
INFO: [Controller.GameManager.startGame()] 
Gioco avviato per il profilo: Andrew, giocatori: 3, design carte: Images/cardBack_green5.png
mar 11, 2025 3:57:41 PM Utility.LoggerUtility logInfo
INFO: [Model.Profile.ProfileManager.loadProfiles()] 
Caricamento profili dal file: C:\progetti\JBlackJack\src\main\resources\players.json
mar 11, 2025 3:57:41 PM Utility.LoggerUtility logInfo
INFO: [Model.Profile.ProfileManager.loadProfiles()] 
Trovati 15 profili
mar 11, 2025 3:57:56 PM Utility.LoggerUtility logInfo
INFO: [Controller.GameManager.startGame()] 
Gioco avviato per il profilo: Andrew, giocatori: 3, design carte: Images/cardBack_red5.png
mar 11, 2025 4:21:28 PM Utility.LoggerUtility logInfo
INFO: [Model.Profile.ProfileManager.loadProfiles()] 
Caricamento profili dal file: C:\progetti\JBlackJack\src\main\resources\players.json
mar 11, 2025 4:21:28 PM Utility.LoggerUtility logInfo
INFO: [Model.Profile.ProfileManager.loadProfiles()] 
Trovati 15 profili
mar 11, 2025 4:21:40 PM Utility.LoggerUtility logInfo
INFO: [Controller.GameManager.startGame()] 
Gioco avviato per il profilo: Andrew, giocatori: 3, design carte: Images/cardBack_red5.png
mar 11, 2025 4:22:30 PM Utility.LoggerUtility logInfo
INFO: [Model.Profile.ProfileManager.loadProfiles()] 
Caricamento profili dal file: C:\progetti\JBlackJack\src\main\resources\players.json
mar 11, 2025 4:22:30 PM Utility.LoggerUtility logInfo
INFO: [Model.Profile.ProfileManager.loadProfiles()] 
Trovati 15 profili
mar 11, 2025 4:22:44 PM Utility.LoggerUtility logInfo
INFO: [Controller.GameManager.startGame()] 
Gioco avviato per il profilo: Andrew, giocatori: 2, design carte: Images/cardBack_red5.png
mar 11, 2025 4:23:50 PM Utility.LoggerUtility logInfo
INFO: [Model.Profile.ProfileManager.loadProfiles()] 
Caricamento profili dal file: C:\progetti\JBlackJack\src\main\resources\players.json
mar 11, 2025 4:23:50 PM Utility.LoggerUtility logInfo
INFO: [Model.Profile.ProfileManager.loadProfiles()] 
Trovati 15 profili
mar 11, 2025 4:24:02 PM Utility.LoggerUtility logInfo
INFO: [Controller.GameManager.startGame()] 
Gioco avviato per il profilo: Andrew, giocatori: 3, design carte: Images/cardBack_red5.png
mar 11, 2025 4:26:08 PM Utility.LoggerUtility logInfo
INFO: [Model.Profile.ProfileManager.loadProfiles()] 
Caricamento profili dal file: C:\progetti\JBlackJack\src\main\resources\players.json
mar 11, 2025 4:26:08 PM Utility.LoggerUtility logInfo
INFO: [Model.Profile.ProfileManager.loadProfiles()] 
Trovati 15 profili
mar 11, 2025 4:26:28 PM Utility.LoggerUtility logWarning
WARNING: [Controller.MenuController.updateUIFromProfile()] 
Field del testo vuota
mar 11, 2025 4:26:34 PM Utility.LoggerUtility logInfo
INFO: [Model.Profile.ProfileManager.loadProfiles()] 
Caricamento profili dal file: C:\progetti\JBlackJack\src\main\resources\players.json
mar 11, 2025 4:26:34 PM Utility.LoggerUtility logInfo
INFO: [Model.Profile.ProfileManager.loadProfiles()] 
Trovati 15 profili
mar 11, 2025 4:26:47 PM Utility.LoggerUtility logInfo
INFO: [Controller.GameManager.startGame()] 
Gioco avviato per il profilo: Andrew, giocatori: 3, design carte: Images/cardBack_green5.png
mar 11, 2025 4:48:21 PM Utility.LoggerUtility logInfo
INFO: [Model.Profile.ProfileManager.loadProfiles()] 
Caricamento profili dal file: C:\progetti\JBlackJack\src\main\resources\players.json
mar 11, 2025 4:48:21 PM Utility.LoggerUtility logInfo
INFO: [Model.Profile.ProfileManager.loadProfiles()] 
Trovati 15 profili
mar 11, 2025 4:49:11 PM Utility.LoggerUtility logWarning
WARNING: [Controller.MenuController.updateUIFromProfile()] 
Field del testo vuota
mar 11, 2025 4:49:35 PM Utility.LoggerUtility logError
SEVERE: [Controller.GameManager.startGame()] 
Errore nell'avvio del gioco: URL must not be null
java.lang.NullPointerException: URL must not be null
	at javafx.graphics@20.0.1/javafx.scene.image.Image.validateUrl(Image.java:1104)
	at javafx.graphics@20.0.1/javafx.scene.image.Image.<init>(Image.java:628)
	at com.example.jblackjack/View.PlayerInfoView.<init>(PlayerInfoView.java:30)
	at com.example.jblackjack/View.BlackJackViewImpl.<init>(BlackJackViewImpl.java:47)
	at com.example.jblackjack/Controller.GameManager.startGame(GameManager.java:73)
	at com.example.jblackjack/Controller.MenuController.lambda$onStartGameButtonClick$7(MenuController.java:196)
	at javafx.graphics@20.0.1/com.sun.scenario.animation.shared.TimelineClipCore.visitKeyFrame(TimelineClipCore.java:239)
	at javafx.graphics@20.0.1/com.sun.scenario.animation.shared.TimelineClipCore.playTo(TimelineClipCore.java:180)
	at javafx.graphics@20.0.1/javafx.animation.Timeline.doPlayTo(Timeline.java:172)
	at javafx.graphics@20.0.1/javafx.animation.AnimationAccessorImpl.playTo(AnimationAccessorImpl.java:39)
	at javafx.graphics@20.0.1/com.sun.scenario.animation.shared.SingleLoopClipEnvelope.timePulse(SingleLoopClipEnvelope.java:103)
	at javafx.graphics@20.0.1/javafx.animation.Animation.doTimePulse(Animation.java:1189)
	at javafx.graphics@20.0.1/javafx.animation.Animation$1.lambda$timePulse$0(Animation.java:207)
	at java.base/java.security.AccessController.doPrivileged(AccessController.java:400)
	at javafx.graphics@20.0.1/javafx.animation.Animation$1.timePulse(Animation.java:206)
	at javafx.graphics@20.0.1/com.sun.scenario.animation.AbstractPrimaryTimer.timePulseImpl(AbstractPrimaryTimer.java:343)
	at javafx.graphics@20.0.1/com.sun.scenario.animation.AbstractPrimaryTimer$MainLoop.run(AbstractPrimaryTimer.java:266)
	at javafx.graphics@20.0.1/com.sun.javafx.tk.quantum.QuantumToolkit.pulse(QuantumToolkit.java:588)
	at javafx.graphics@20.0.1/com.sun.javafx.tk.quantum.QuantumToolkit.pulse(QuantumToolkit.java:572)
	at javafx.graphics@20.0.1/com.sun.javafx.tk.quantum.QuantumToolkit.pulseFromQueue(QuantumToolkit.java:565)
	at javafx.graphics@20.0.1/com.sun.javafx.tk.quantum.QuantumToolkit.lambda$runToolkit$11(QuantumToolkit.java:352)
	at javafx.graphics@20.0.1/com.sun.glass.ui.InvokeLaterDispatcher$Future.run(InvokeLaterDispatcher.java:95)
	at javafx.graphics@20.0.1/com.sun.glass.ui.win.WinApplication._runLoop(Native Method)
	at javafx.graphics@20.0.1/com.sun.glass.ui.win.WinApplication.lambda$runLoop$3(WinApplication.java:185)
	at java.base/java.lang.Thread.run(Thread.java:1570)

mar 11, 2025 4:49:50 PM Utility.LoggerUtility logInfo
INFO: [Controller.GameManager.startGame()] 
Gioco avviato per il profilo: Andrew, giocatori: 3, design carte: Images/cardBack_red5.png
mar 11, 2025 4:49:58 PM Utility.LoggerUtility logInfo
INFO: [Model.Profile.ProfileManager.loadProfiles()] 
Caricamento profili dal file: C:\progetti\JBlackJack\src\main\resources\players.json
mar 11, 2025 4:49:58 PM Utility.LoggerUtility logInfo
INFO: [Model.Profile.ProfileManager.loadProfiles()] 
Trovati 15 profili
mar 11, 2025 5:19:05 PM Utility.LoggerUtility logInfo
INFO: [Model.Profile.ProfileManager.loadProfiles()] 
Caricamento profili dal file: C:\progetti\JBlackJack\src\main\resources\players.json
mar 11, 2025 5:19:05 PM Utility.LoggerUtility logInfo
INFO: [Model.Profile.ProfileManager.loadProfiles()] 
Trovati 15 profili
mar 11, 2025 5:19:20 PM Utility.LoggerUtility logInfo
INFO: [Controller.GameManager.startGame()] 
Gioco avviato per il profilo: Andrew, giocatori: 3, design carte: Images/cardBack_red5.png
mar 11, 2025 5:26:52 PM Utility.LoggerUtility logInfo
INFO: [Model.Profile.ProfileManager.loadProfiles()] 
Caricamento profili dal file: C:\progetti\JBlackJack\src\main\resources\players.json
mar 11, 2025 5:26:52 PM Utility.LoggerUtility logInfo
INFO: [Model.Profile.ProfileManager.loadProfiles()] 
Trovati 15 profili
mar 11, 2025 5:30:23 PM Utility.LoggerUtility logInfo
INFO: [Controller.GameManager.startGame()] 
Gioco avviato per il profilo: Andrew, giocatori: 3, design carte: Images/cardBack_red5.png
mar 11, 2025 5:34:02 PM Utility.LoggerUtility logInfo
INFO: [Model.Profile.ProfileManager.loadProfiles()] 
Caricamento profili dal file: C:\progetti\JBlackJack\src\main\resources\players.json
mar 11, 2025 5:34:02 PM Utility.LoggerUtility logInfo
INFO: [Model.Profile.ProfileManager.loadProfiles()] 
Trovati 15 profili
mar 11, 2025 5:34:26 PM Utility.LoggerUtility logInfo
INFO: [Controller.GameManager.startGame()] 
Gioco avviato per il profilo: Andrew, giocatori: 3, design carte: Images/cardBack_red5.png
mar 11, 2025 5:36:07 PM Utility.LoggerUtility logInfo
INFO: [Model.Profile.ProfileManager.loadProfiles()] 
Caricamento profili dal file: C:\progetti\JBlackJack\src\main\resources\players.json
mar 11, 2025 5:36:07 PM Utility.LoggerUtility logInfo
INFO: [Model.Profile.ProfileManager.loadProfiles()] 
Trovati 15 profili
mar 11, 2025 5:36:34 PM Utility.LoggerUtility logInfo
INFO: [Controller.GameManager.startGame()] 
Gioco avviato per il profilo: Andrew, giocatori: 3, design carte: Images/cardBack_red5.png
mar 12, 2025 9:46:00 AM Utility.LoggerUtility logInfo
INFO: [Model.Profile.ProfileManager.loadProfiles()] 
Caricamento profili dal file: C:\progetti\JBlackJack\src\main\resources\players.json
mar 12, 2025 9:46:00 AM Utility.LoggerUtility logInfo
INFO: [Model.Profile.ProfileManager.loadProfiles()] 
Trovati 15 profili
mar 12, 2025 9:46:16 AM Utility.LoggerUtility logInfo
INFO: [Controller.GameManager.startGame()] 
Gioco avviato per il profilo: Andrew, giocatori: 3, design carte: Images/cardBack_blue5.png
mar 12, 2025 9:56:07 AM Utility.LoggerUtility logInfo
INFO: [Model.Profile.ProfileManager.loadProfiles()] 
Caricamento profili dal file: C:\progetti\JBlackJack\src\main\resources\players.json
mar 12, 2025 9:56:07 AM Utility.LoggerUtility logInfo
INFO: [Model.Profile.ProfileManager.loadProfiles()] 
Trovati 15 profili
mar 12, 2025 9:57:30 AM Utility.LoggerUtility logInfo
INFO: [Controller.GameManager.startGame()] 
Gioco avviato per il profilo: Andrew, giocatori: 3, design carte: Images/cardBack_red5.png
mar 12, 2025 10:06:28 AM Utility.LoggerUtility logInfo
INFO: [Model.Profile.ProfileManager.loadProfiles()] 
Caricamento profili dal file: C:\progetti\JBlackJack\src\main\resources\players.json
mar 12, 2025 10:06:28 AM Utility.LoggerUtility logInfo
INFO: [Model.Profile.ProfileManager.loadProfiles()] 
Trovati 15 profili
mar 12, 2025 10:06:41 AM Utility.LoggerUtility logInfo
INFO: [Controller.GameManager.startGame()] 
Gioco avviato per il profilo: Andrew, giocatori: 3, design carte: Images/cardBack_red5.png
mar 12, 2025 10:07:01 AM Utility.LoggerUtility logInfo
INFO: [Model.Profile.ProfileManager.loadProfiles()] 
Caricamento profili dal file: C:\progetti\JBlackJack\src\main\resources\players.json
mar 12, 2025 10:07:01 AM Utility.LoggerUtility logInfo
INFO: [Model.Profile.ProfileManager.loadProfiles()] 
Trovati 15 profili
mar 12, 2025 10:07:12 AM Utility.LoggerUtility logInfo
INFO: [Controller.GameManager.startGame()] 
Gioco avviato per il profilo: Andrew, giocatori: 3, design carte: Images/cardBack_red5.png
mar 12, 2025 10:07:25 AM Utility.LoggerUtility logInfo
INFO: [Model.Profile.ProfileManager.loadProfiles()] 
Caricamento profili dal file: C:\progetti\JBlackJack\src\main\resources\players.json
mar 12, 2025 10:07:25 AM Utility.LoggerUtility logInfo
INFO: [Model.Profile.ProfileManager.loadProfiles()] 
Trovati 15 profili
mar 12, 2025 10:07:38 AM Utility.LoggerUtility logInfo
INFO: [Controller.GameManager.startGame()] 
Gioco avviato per il profilo: Andrew, giocatori: 3, design carte: Images/cardBack_red5.png
mar 12, 2025 10:09:00 AM Utility.LoggerUtility logInfo
INFO: [Model.Profile.ProfileManager.loadProfiles()] 
Caricamento profili dal file: C:\progetti\JBlackJack\src\main\resources\players.json
mar 12, 2025 10:09:00 AM Utility.LoggerUtility logInfo
INFO: [Model.Profile.ProfileManager.loadProfiles()] 
Trovati 15 profili
mar 12, 2025 10:09:14 AM Utility.LoggerUtility logInfo
INFO: [Controller.GameManager.startGame()] 
Gioco avviato per il profilo: Andrew, giocatori: 3, design carte: Images/cardBack_red5.png
mar 12, 2025 10:09:55 AM Utility.LoggerUtility logInfo
INFO: [Model.Profile.ProfileManager.loadProfiles()] 
Caricamento profili dal file: C:\progetti\JBlackJack\src\main\resources\players.json
mar 12, 2025 10:09:55 AM Utility.LoggerUtility logInfo
INFO: [Model.Profile.ProfileManager.loadProfiles()] 
Trovati 15 profili
mar 12, 2025 10:10:09 AM Utility.LoggerUtility logInfo
INFO: [Controller.GameManager.startGame()] 
Gioco avviato per il profilo: Andrew, giocatori: 3, design carte: Images/cardBack_red5.png
mar 12, 2025 10:15:36 AM Utility.LoggerUtility logInfo
INFO: [Model.Profile.ProfileManager.loadProfiles()] 
Caricamento profili dal file: C:\progetti\JBlackJack\src\main\resources\players.json
mar 12, 2025 10:15:36 AM Utility.LoggerUtility logInfo
INFO: [Model.Profile.ProfileManager.loadProfiles()] 
Trovati 15 profili
mar 12, 2025 10:15:49 AM Utility.LoggerUtility logInfo
INFO: [Controller.GameManager.startGame()] 
Gioco avviato per il profilo: Andrew, giocatori: 3, design carte: Images/cardBack_red5.png
mar 12, 2025 10:21:23 AM Utility.LoggerUtility logInfo
INFO: [Model.Profile.ProfileManager.loadProfiles()] 
Caricamento profili dal file: C:\progetti\JBlackJack\src\main\resources\players.json
mar 12, 2025 10:21:23 AM Utility.LoggerUtility logInfo
INFO: [Model.Profile.ProfileManager.loadProfiles()] 
Trovati 15 profili
mar 12, 2025 10:21:36 AM Utility.LoggerUtility logInfo
INFO: [Controller.GameManager.startGame()] 
Gioco avviato per il profilo: Andrew, giocatori: 3, design carte: Images/cardBack_red5.png
mar 12, 2025 10:45:08 AM Utility.LoggerUtility logInfo
INFO: [Model.Profile.ProfileManager.loadProfiles()] 
Caricamento profili dal file: C:\progetti\JBlackJack\src\main\resources\players.json
mar 12, 2025 10:45:08 AM Utility.LoggerUtility logInfo
INFO: [Model.Profile.ProfileManager.loadProfiles()] 
Trovati 15 profili
mar 12, 2025 10:45:41 AM Utility.LoggerUtility logInfo
INFO: [Controller.GameManager.startGame()] 
Gioco avviato per il profilo: Andrew, giocatori: 3, design carte: Images/cardBack_blue5.png
mar 12, 2025 10:47:44 AM Utility.LoggerUtility logInfo
INFO: [Model.Profile.ProfileManager.loadProfiles()] 
Caricamento profili dal file: C:\progetti\JBlackJack\src\main\resources\players.json
mar 12, 2025 10:47:44 AM Utility.LoggerUtility logInfo
INFO: [Model.Profile.ProfileManager.loadProfiles()] 
Trovati 15 profili
mar 12, 2025 10:48:01 AM Utility.LoggerUtility logInfo
INFO: [Controller.GameManager.startGame()] 
Gioco avviato per il profilo: Andrew, giocatori: 3, design carte: Images/cardBack_red5.png
mar 12, 2025 10:51:32 AM Utility.LoggerUtility logInfo
INFO: [Model.Profile.ProfileManager.loadProfiles()] 
Caricamento profili dal file: C:\progetti\JBlackJack\src\main\resources\players.json
mar 12, 2025 10:51:32 AM Utility.LoggerUtility logInfo
INFO: [Model.Profile.ProfileManager.loadProfiles()] 
Trovati 15 profili
mar 12, 2025 10:51:45 AM Utility.LoggerUtility logInfo
INFO: [Controller.GameManager.startGame()] 
Gioco avviato per il profilo: Andrew, giocatori: 3, design carte: Images/cardBack_blue5.png
mar 12, 2025 10:55:38 AM Utility.LoggerUtility logInfo
INFO: [Model.Profile.ProfileManager.loadProfiles()] 
Caricamento profili dal file: C:\progetti\JBlackJack\src\main\resources\players.json
mar 12, 2025 10:55:38 AM Utility.LoggerUtility logInfo
INFO: [Model.Profile.ProfileManager.loadProfiles()] 
Trovati 15 profili
mar 12, 2025 10:55:50 AM Utility.LoggerUtility logInfo
INFO: [Controller.GameManager.startGame()] 
Gioco avviato per il profilo: Andrew, giocatori: 3, design carte: Images/cardBack_red5.png
mar 12, 2025 10:59:13 AM Utility.LoggerUtility logInfo
INFO: [Model.Profile.ProfileManager.loadProfiles()] 
Caricamento profili dal file: C:\progetti\JBlackJack\src\main\resources\players.json
mar 12, 2025 10:59:13 AM Utility.LoggerUtility logInfo
INFO: [Model.Profile.ProfileManager.loadProfiles()] 
Trovati 15 profili
mar 12, 2025 10:59:23 AM Utility.LoggerUtility logInfo
INFO: [Controller.GameManager.startGame()] 
Gioco avviato per il profilo: Andrew, giocatori: 3, design carte: Images/cardBack_red5.png
mar 12, 2025 11:00:07 AM Utility.LoggerUtility logInfo
INFO: [Model.Profile.ProfileManager.loadProfiles()] 
Caricamento profili dal file: C:\progetti\JBlackJack\src\main\resources\players.json
mar 12, 2025 11:00:07 AM Utility.LoggerUtility logInfo
INFO: [Model.Profile.ProfileManager.loadProfiles()] 
Trovati 15 profili
mar 12, 2025 11:00:17 AM Utility.LoggerUtility logInfo
INFO: [Controller.GameManager.startGame()] 
Gioco avviato per il profilo: Andrew, giocatori: 3, design carte: Images/cardBack_red5.png
mar 12, 2025 11:00:54 AM Utility.LoggerUtility logInfo
INFO: [Model.Profile.ProfileManager.loadProfiles()] 
Caricamento profili dal file: C:\progetti\JBlackJack\src\main\resources\players.json
mar 12, 2025 11:00:54 AM Utility.LoggerUtility logInfo
INFO: [Model.Profile.ProfileManager.loadProfiles()] 
Trovati 15 profili
mar 12, 2025 11:01:07 AM Utility.LoggerUtility logInfo
INFO: [Controller.GameManager.startGame()] 
Gioco avviato per il profilo: Andrew, giocatori: 3, design carte: Images/cardBack_blue5.png
mar 12, 2025 11:04:56 AM Utility.LoggerUtility logInfo
INFO: [Model.Profile.ProfileManager.loadProfiles()] 
Caricamento profili dal file: C:\progetti\JBlackJack\src\main\resources\players.json
mar 12, 2025 11:04:56 AM Utility.LoggerUtility logInfo
INFO: [Model.Profile.ProfileManager.loadProfiles()] 
Trovati 15 profili
mar 12, 2025 11:05:25 AM Utility.LoggerUtility logInfo
INFO: [Controller.GameManager.startGame()] 
Gioco avviato per il profilo: Andrew, giocatori: 3, design carte: Images/cardBack_blue5.png
mar 12, 2025 11:13:23 AM Utility.LoggerUtility logInfo
INFO: [Model.Profile.ProfileManager.loadProfiles()] 
Caricamento profili dal file: C:\progetti\JBlackJack\src\main\resources\players.json
mar 12, 2025 11:13:23 AM Utility.LoggerUtility logInfo
INFO: [Model.Profile.ProfileManager.loadProfiles()] 
Trovati 15 profili
mar 12, 2025 11:13:37 AM Utility.LoggerUtility logInfo
INFO: [Controller.GameManager.startGame()] 
Gioco avviato per il profilo: Andrew, giocatori: 3, design carte: Images/cardBack_red5.png
mar 12, 2025 11:19:21 AM Utility.LoggerUtility logInfo
INFO: [Model.Profile.ProfileManager.loadProfiles()] 
Caricamento profili dal file: C:\progetti\JBlackJack\src\main\resources\players.json
mar 12, 2025 11:19:21 AM Utility.LoggerUtility logInfo
INFO: [Model.Profile.ProfileManager.loadProfiles()] 
Trovati 15 profili
mar 12, 2025 11:19:31 AM Utility.LoggerUtility logInfo
INFO: [Controller.GameManager.startGame()] 
Gioco avviato per il profilo: Andrew, giocatori: 3, design carte: Images/cardBack_red5.png
mar 12, 2025 11:23:26 AM Utility.LoggerUtility logInfo
INFO: [Model.Profile.ProfileManager.loadProfiles()] 
Caricamento profili dal file: C:\progetti\JBlackJack\src\main\resources\players.json
mar 12, 2025 11:23:26 AM Utility.LoggerUtility logInfo
INFO: [Model.Profile.ProfileManager.loadProfiles()] 
Trovati 15 profili
mar 12, 2025 11:23:36 AM Utility.LoggerUtility logInfo
INFO: [Controller.GameManager.startGame()] 
Gioco avviato per il profilo: Andrew, giocatori: 3, design carte: Images/cardBack_blue5.png
mar 12, 2025 11:24:14 AM Utility.LoggerUtility logInfo
INFO: [Model.Profile.ProfileManager.loadProfiles()] 
Caricamento profili dal file: C:\progetti\JBlackJack\src\main\resources\players.json
mar 12, 2025 11:24:14 AM Utility.LoggerUtility logInfo
INFO: [Model.Profile.ProfileManager.loadProfiles()] 
Trovati 15 profili
mar 12, 2025 11:24:25 AM Utility.LoggerUtility logInfo
INFO: [Controller.GameManager.startGame()] 
Gioco avviato per il profilo: Andrew, giocatori: 3, design carte: Images/cardBack_blue5.png
mar 12, 2025 11:25:33 AM Utility.LoggerUtility logInfo
INFO: [Model.Profile.ProfileManager.loadProfiles()] 
Caricamento profili dal file: C:\progetti\JBlackJack\src\main\resources\players.json
mar 12, 2025 11:25:33 AM Utility.LoggerUtility logInfo
INFO: [Model.Profile.ProfileManager.loadProfiles()] 
Trovati 15 profili
mar 12, 2025 11:25:43 AM Utility.LoggerUtility logInfo
INFO: [Controller.GameManager.startGame()] 
Gioco avviato per il profilo: Andrew, giocatori: 3, design carte: Images/cardBack_blue5.png
mar 12, 2025 11:26:12 AM Utility.LoggerUtility logInfo
INFO: [Model.Profile.ProfileManager.loadProfiles()] 
Caricamento profili dal file: C:\progetti\JBlackJack\src\main\resources\players.json
mar 12, 2025 11:26:12 AM Utility.LoggerUtility logInfo
INFO: [Model.Profile.ProfileManager.loadProfiles()] 
Trovati 15 profili
mar 12, 2025 11:26:23 AM Utility.LoggerUtility logInfo
INFO: [Controller.GameManager.startGame()] 
Gioco avviato per il profilo: Andrew, giocatori: 3, design carte: Images/cardBack_red5.png
mar 12, 2025 11:29:11 AM Utility.LoggerUtility logInfo
INFO: [Model.Profile.ProfileManager.loadProfiles()] 
Caricamento profili dal file: C:\progetti\JBlackJack\src\main\resources\players.json
mar 12, 2025 11:29:11 AM Utility.LoggerUtility logInfo
INFO: [Model.Profile.ProfileManager.loadProfiles()] 
Trovati 15 profili
mar 12, 2025 11:29:20 AM Utility.LoggerUtility logInfo
INFO: [Model.Profile.ProfileManager.loadProfiles()] 
Caricamento profili dal file: C:\progetti\JBlackJack\src\main\resources\players.json
mar 12, 2025 11:29:20 AM Utility.LoggerUtility logInfo
INFO: [Model.Profile.ProfileManager.loadProfiles()] 
Trovati 15 profili
mar 12, 2025 11:30:59 AM Utility.LoggerUtility logInfo
INFO: [Controller.GameManager.startGame()] 
Gioco avviato per il profilo: Andrew, giocatori: 3, design carte: Images/cardBack_blue5.png
mar 12, 2025 11:32:53 AM Utility.LoggerUtility logInfo
INFO: [Model.Profile.ProfileManager.loadProfiles()] 
Caricamento profili dal file: C:\progetti\JBlackJack\src\main\resources\players.json
mar 12, 2025 11:32:53 AM Utility.LoggerUtility logInfo
INFO: [Model.Profile.ProfileManager.loadProfiles()] 
Trovati 15 profili
mar 12, 2025 11:33:03 AM Utility.LoggerUtility logInfo
INFO: [Controller.GameManager.startGame()] 
Gioco avviato per il profilo: Andrew, giocatori: 3, design carte: Images/cardBack_blue5.png
mar 12, 2025 11:34:50 AM Utility.LoggerUtility logInfo
INFO: [Model.Profile.ProfileManager.loadProfiles()] 
Caricamento profili dal file: C:\progetti\JBlackJack\src\main\resources\players.json
mar 12, 2025 11:34:50 AM Utility.LoggerUtility logInfo
INFO: [Model.Profile.ProfileManager.loadProfiles()] 
Trovati 15 profili
mar 12, 2025 11:35:00 AM Utility.LoggerUtility logInfo
INFO: [Controller.GameManager.startGame()] 
Gioco avviato per il profilo: Andrew, giocatori: 3, design carte: Images/cardBack_blue5.png
mar 12, 2025 11:36:54 AM Utility.LoggerUtility logInfo
INFO: [Model.Profile.ProfileManager.loadProfiles()] 
Caricamento profili dal file: C:\progetti\JBlackJack\src\main\resources\players.json
mar 12, 2025 11:36:54 AM Utility.LoggerUtility logInfo
INFO: [Model.Profile.ProfileManager.loadProfiles()] 
Trovati 15 profili
mar 12, 2025 11:37:04 AM Utility.LoggerUtility logInfo
INFO: [Controller.GameManager.startGame()] 
Gioco avviato per il profilo: Andrew, giocatori: 3, design carte: Images/cardBack_blue5.png
mar 12, 2025 11:38:10 AM Utility.LoggerUtility logInfo
INFO: [Model.Profile.ProfileManager.loadProfiles()] 
Caricamento profili dal file: C:\progetti\JBlackJack\src\main\resources\players.json
mar 12, 2025 11:38:10 AM Utility.LoggerUtility logInfo
INFO: [Model.Profile.ProfileManager.loadProfiles()] 
Trovati 15 profili
mar 12, 2025 11:38:22 AM Utility.LoggerUtility logInfo
INFO: [Controller.GameManager.startGame()] 
Gioco avviato per il profilo: Andrew, giocatori: 3, design carte: Images/cardBack_blue5.png
mar 12, 2025 11:38:52 AM Utility.LoggerUtility logInfo
INFO: [Model.Profile.ProfileManager.loadProfiles()] 
Caricamento profili dal file: C:\progetti\JBlackJack\src\main\resources\players.json
mar 12, 2025 11:38:52 AM Utility.LoggerUtility logInfo
INFO: [Model.Profile.ProfileManager.loadProfiles()] 
Trovati 15 profili
mar 12, 2025 11:39:02 AM Utility.LoggerUtility logInfo
INFO: [Controller.GameManager.startGame()] 
Gioco avviato per il profilo: Andrew, giocatori: 3, design carte: Images/cardBack_red5.png
mar 12, 2025 11:39:45 AM Utility.LoggerUtility logInfo
INFO: [Model.Profile.ProfileManager.loadProfiles()] 
Caricamento profili dal file: C:\progetti\JBlackJack\src\main\resources\players.json
mar 12, 2025 11:39:45 AM Utility.LoggerUtility logInfo
INFO: [Model.Profile.ProfileManager.loadProfiles()] 
Trovati 15 profili
mar 12, 2025 11:40:05 AM Utility.LoggerUtility logInfo
INFO: [Controller.GameManager.startGame()] 
Gioco avviato per il profilo: Andrew, giocatori: 3, design carte: Images/cardBack_blue5.png
mar 12, 2025 11:41:02 AM Utility.LoggerUtility logInfo
INFO: [Model.Profile.ProfileManager.loadProfiles()] 
Caricamento profili dal file: C:\progetti\JBlackJack\src\main\resources\players.json
mar 12, 2025 11:41:02 AM Utility.LoggerUtility logInfo
INFO: [Model.Profile.ProfileManager.loadProfiles()] 
Trovati 15 profili
mar 12, 2025 11:41:15 AM Utility.LoggerUtility logInfo
INFO: [Controller.GameManager.startGame()] 
Gioco avviato per il profilo: Andrew, giocatori: 3, design carte: Images/cardBack_blue5.png
mar 12, 2025 11:47:40 AM Utility.LoggerUtility logInfo
INFO: [Model.Profile.ProfileManager.loadProfiles()] 
Caricamento profili dal file: C:\progetti\JBlackJack\src\main\resources\players.json
mar 12, 2025 11:47:40 AM Utility.LoggerUtility logInfo
INFO: [Model.Profile.ProfileManager.loadProfiles()] 
Trovati 15 profili
mar 12, 2025 11:47:53 AM Utility.LoggerUtility logInfo
INFO: [Controller.GameManager.startGame()] 
Gioco avviato per il profilo: Andrew, giocatori: 2, design carte: Images/cardBack_blue5.png
mar 12, 2025 11:48:33 AM Utility.LoggerUtility logInfo
INFO: [Model.Profile.ProfileManager.loadProfiles()] 
Caricamento profili dal file: C:\progetti\JBlackJack\src\main\resources\players.json
mar 12, 2025 11:48:33 AM Utility.LoggerUtility logInfo
INFO: [Model.Profile.ProfileManager.loadProfiles()] 
Trovati 15 profili
mar 12, 2025 11:48:45 AM Utility.LoggerUtility logInfo
INFO: [Controller.GameManager.startGame()] 
Gioco avviato per il profilo: Andrew, giocatori: 3, design carte: Images/cardBack_blue5.png
mar 12, 2025 11:49:50 AM Utility.LoggerUtility logInfo
INFO: [Model.Profile.ProfileManager.loadProfiles()] 
Caricamento profili dal file: C:\progetti\JBlackJack\src\main\resources\players.json
mar 12, 2025 11:49:50 AM Utility.LoggerUtility logInfo
INFO: [Model.Profile.ProfileManager.loadProfiles()] 
Trovati 15 profili
mar 12, 2025 11:50:02 AM Utility.LoggerUtility logInfo
INFO: [Controller.GameManager.startGame()] 
Gioco avviato per il profilo: Andrew, giocatori: 3, design carte: Images/cardBack_blue5.png
mar 12, 2025 11:50:24 AM Utility.LoggerUtility logInfo
INFO: [Model.Profile.ProfileManager.loadProfiles()] 
Caricamento profili dal file: C:\progetti\JBlackJack\src\main\resources\players.json
mar 12, 2025 11:50:24 AM Utility.LoggerUtility logInfo
INFO: [Model.Profile.ProfileManager.loadProfiles()] 
Trovati 15 profili
mar 12, 2025 11:50:34 AM Utility.LoggerUtility logInfo
INFO: [Controller.GameManager.startGame()] 
Gioco avviato per il profilo: Andrew, giocatori: 3, design carte: Images/cardBack_blue5.png
mar 12, 2025 11:55:02 AM Utility.LoggerUtility logInfo
INFO: [Model.Profile.ProfileManager.loadProfiles()] 
Caricamento profili dal file: C:\progetti\JBlackJack\src\main\resources\players.json
mar 12, 2025 11:55:02 AM Utility.LoggerUtility logInfo
INFO: [Model.Profile.ProfileManager.loadProfiles()] 
Trovati 15 profili
mar 12, 2025 11:55:13 AM Utility.LoggerUtility logInfo
INFO: [Controller.GameManager.startGame()] 
Gioco avviato per il profilo: Andrew, giocatori: 3, design carte: Images/cardBack_blue5.png
mar 12, 2025 12:12:08 PM Utility.LoggerUtility logInfo
INFO: [Model.Profile.ProfileManager.loadProfiles()] 
Caricamento profili dal file: C:\progetti\JBlackJack\src\main\resources\players.json
mar 12, 2025 12:12:08 PM Utility.LoggerUtility logInfo
INFO: [Model.Profile.ProfileManager.loadProfiles()] 
Trovati 15 profili
mar 12, 2025 12:12:18 PM Utility.LoggerUtility logInfo
INFO: [Controller.GameManager.startGame()] 
Gioco avviato per il profilo: Andrew, giocatori: 2, design carte: Images/cardBack_red5.png
mar 12, 2025 12:13:06 PM Utility.LoggerUtility logInfo
INFO: [Model.Profile.ProfileManager.loadProfiles()] 
Caricamento profili dal file: C:\progetti\JBlackJack\src\main\resources\players.json
mar 12, 2025 12:13:06 PM Utility.LoggerUtility logInfo
INFO: [Model.Profile.ProfileManager.loadProfiles()] 
Trovati 15 profili
mar 12, 2025 12:13:17 PM Utility.LoggerUtility logInfo
INFO: [Controller.GameManager.startGame()] 
Gioco avviato per il profilo: Andrew, giocatori: 2, design carte: Images/cardBack_red5.png
mar 12, 2025 12:15:33 PM Utility.LoggerUtility logInfo
INFO: [Model.Profile.ProfileManager.loadProfiles()] 
Caricamento profili dal file: C:\progetti\JBlackJack\src\main\resources\players.json
mar 12, 2025 12:15:33 PM Utility.LoggerUtility logInfo
INFO: [Model.Profile.ProfileManager.loadProfiles()] 
Trovati 15 profili
mar 12, 2025 12:15:46 PM Utility.LoggerUtility logInfo
INFO: [Controller.GameManager.startGame()] 
Gioco avviato per il profilo: Andrew, giocatori: 2, design carte: Images/cardBack_red5.png
mar 12, 2025 12:16:08 PM Utility.LoggerUtility logInfo
INFO: [Model.Profile.ProfileManager.loadProfiles()] 
Caricamento profili dal file: C:\progetti\JBlackJack\src\main\resources\players.json
mar 12, 2025 12:16:08 PM Utility.LoggerUtility logInfo
INFO: [Model.Profile.ProfileManager.loadProfiles()] 
Trovati 15 profili
mar 12, 2025 12:16:26 PM Utility.LoggerUtility logInfo
INFO: [Controller.GameManager.startGame()] 
Gioco avviato per il profilo: Andrew, giocatori: 3, design carte: Images/cardBack_blue5.png
